C51 COMPILER V9.60.7.0   ADC                                                               08/01/2025 15:47:46 PAGE 1   


C51 COMPILER V9.60.7.0, COMPILATION OF MODULE ADC
OBJECT MODULE PLACED IN .\Release\Objects\adc.obj
COMPILER INVOKED BY: C:\Keil_v5\C51\BIN\C51.EXE ..\..\Hardware\adc.c LARGE OPTIMIZE(9,SIZE) BROWSE ORDER INTVECTOR(0X000
                    -C) INCDIR(..\..\Libraries\Include;..\..\User;..\..\User\lib;..\..\Hardware) INTERVAL(3) DEBUG OBJECTEXTEND PRINT(.\Relea
                    -se\Listings\adc.lst) OBJECT(.\Release\Objects\adc.obj)

line level    source

   1          #include "adc.h"
   2          
   3          volatile u16 adc_val = 0; // adc值，0~4095
   4          // bit adc_done_flag = 0; // adc转换完成标志
   5          
   6          // adc配置，使用adc时还需要切换到对应的引脚通道
   7          void adc_config(void)
   8          {
   9   1          // P04--测量电池电压的引脚
  10   1          P0_MD1 |= GPIO_P04_MODE_SEL(0x3); // 模拟模式
  11   1      
  12   1      #if AD_KEY_ENABLE
                  // P05-- ad按键检测
                  P0_MD1 |= GPIO_P05_MODE_SEL(0x3); // 模拟模式
              #endif
  16   1          // 检测油量的引脚：
  17   1          P0_MD0 |= GPIO_P01_MODE_SEL(0x3); // 模拟模式
  18   1      
  19   1      #if TEMP_OF_WATER_SCAN_ENABLE
              // 检测水温的引脚:
              // P0_MD0 |= GPIO_P00_MODE_SEL(0x3); // 模拟模式
              #endif // TEMP_OF_WATER_SCAN_ENABLE
  23   1      
  24   1          ADC_CFG1 |= (0x0F << 3); // ADC时钟分频为16分频，为系统时钟/16
  25   1          ADC_CFG2 = 0xFF;         // 通道0采样时间配置为256个采样时钟周期
  26   1      
  27   1          // ADC配置
  28   1          // ADC_ACON1 &= ~(ADC_VREF_SEL(0x7) | ADC_EXREF_SEL(0x1)); // 清除电压选择，关闭外部参考
             -压
  29   1          // ADC_ACON1 &= ~(ADC_INREF_SEL(0x01));                    // 关闭内部参考电压
  30   1          // ADC_ACON1 |= ADC_VREF_SEL(0x06) | ADC_TEN_SEL(0x3); // 选择内部VCCA作为参考电压（需要
             -闭ADC内部和外部的参考选择信号），关闭测试信号
  31   1      
  32   1          ADC_ACON1 &= ~((0x01 << 6) | (0x01 << 5) | (0x07 << 0)); // 关闭ADC中内部参考能使信号，关
             -闭ADC外部参考选择信号，清空ADC内部参考电压的选择配置
  33   1          ADC_ACON1 |= (0x03 << 3) | (0x06 << 0);                  // 关闭测试信号，选择内部VCCA作
             -参考电压（使用VCCA作为参考电压，需要关闭内部使能参考和外部使能参考）
  34   1          ADC_ACON0 = ADC_CMP_EN(0x1) |                            // 打开ADC中的CMP使能信号
  35   1                      ADC_BIAS_EN(0x1) |                           // 打开ADC偏置电流能使信号
  36   1                      ADC_BIAS_SEL(0x1);                           // 偏置电流选择：1x
  37   1      
  38   1          ADC_TRGS0 |= (0x07 << 4); // 通道 0DLY 的 ADC 时钟个数选择，配置为 4n+1，4 * 29 + 1
  39   1          ADC_CHS0 |= (0x01 << 6);  // 使能 通道 0DLY 功能
  40   1      }
  41          
  42          // 切换adc扫描的引脚
  43          // adc_pin--adc引脚，在对应的枚举类型中定义
  44          void adc_sel_pin(u8 adc_pin)
  45          {
  46   1          ADC_CHS0 &= ~((0x01 << 4) | (0x01 << 3) | (0x01 << 2) | (0x01 << 1) | (0x01 << 0)); // 清空选择的
             -adc0通路
  47   1      
  48   1          switch (adc_pin)
C51 COMPILER V9.60.7.0   ADC                                                               08/01/2025 15:47:46 PAGE 2   

  49   1          {
  50   2          case ADC_PIN_BATTERY:                                     // 检测电池电量
  51   2              ADC_ACON1 &= ~((0x01 << 5) | (0x07 << 0));            // 关闭ADC外部参考选择信号，清
             -ADC内部参考电压的选择配置
  52   2              ADC_ACON1 |= (0x01 << 6) | (0x03 << 3) | (0x02 << 0); // 使能ADC内部参考信号，关闭测
             -信号内部参考电压选择2.4V
  53   2              ADC_CHS0 |= ADC_ANALOG_CHAN(0x04);                    // P04通路
  54   2              break;
  55   2      
  56   2      #if AD_KEY_ENABLE
                  // case ADC_PIN_TOUCH:                    // 检测触摸IC传过来的电压
                  case ADC_PIN_KEY:                                            // 检测ad按键
                      ADC_ACON1 &= ~((0x01 << 6) | (0x01 << 5) | (0x07 << 0)); // 关闭ADC中内部参考能使信号
             -关闭ADC外部参考选择信号，清空ADC内部参考电压的选择配置
                      ADC_ACON1 |= (0x03 << 3) | (0x06 << 0);                  // 关闭测试信号，选择内部VCCA
             -为参考电压（使用VCCA作为参考电压，需要关闭内部使能参考和外部使能参考）
                      ADC_CHS0 |= ADC_ANALOG_CHAN(0x05);                       // P05通路
              
                      break;
              #endif
  65   2      
  66   2          case ADC_PIN_FUEL: // 检测油量
  67   2      
  68   2              //    ADC_ACON1 &= ~((0x01 << 6) | (0x01 << 5) | (0x07 << 0)); // 关闭ADC中内部参考能使
             -号，关闭ADC外部参考选择信号，清空ADC内部参考电压的选择配置
  69   2              //    ADC_ACON1 |= (0x03 << 3) | (0x06 << 0);                  // 关闭测试信号，选择内
             -VCCA作为参考电压（使用VCCA作为参考电压，需要关闭内部使能参考和外部使能参考）
  70   2      
  71   2              ADC_ACON1 &= ~((0x01 << 5) | (0x07 << 0));            // 关闭ADC外部参考选择信号，清
             -ADC内部参考电压的选择配置
  72   2              ADC_ACON1 |= (0x01 << 6) | (0x03 << 3) | (0x01 << 0); // 使能ADC内部参考信号，关闭测
             -信号，内部参考电压选择2.0V
  73   2              ADC_CHS0 |= ADC_ANALOG_CHAN(0x01);                    // P01通路
  74   2              break;
  75   2      
  76   2      #if TEMP_OF_WATER_SCAN_ENABLE
                  case ADC_PIN_TEMP_OF_WATER: // 检测水温的引脚
                      // ADC_ACON1 &= ~((0x01 << 6) | (0x01 << 5) | (0x07 << 0)); // 关闭ADC中内部参考能使信
             -，关闭ADC外部参考选择信号，清空ADC内部参考电压的选择配置
                      // ADC_ACON1 |= (0x03 << 3) | (0x06 << 0);                  // 关闭测试信号，选择内部VC
             -CA作为参考电压（使用VCCA作为参考电压，需要关闭内部使能参考和外部使能参考）
                      // ADC_CHS0 = ADC_ANALOG_CHAN(0x00);                        // P00通路
                      break;
              #endif
  83   2          }
  84   1      
  85   1          ADC_CFG0 |= ADC_CHAN0_EN(0x1) | // 使能通道0转换
  86   1                      ADC_EN(0x1);        // 使能A/D转换
  87   1      
  88   1          delay_ms(1); // 等待ADC模块配置稳定，需要等待20us以上
  89   1      }
  90          
  91          
  92          // 获取adc值，存放到变量adc_val中(adc单次转换)
  93          u16 adc_single_convert(void)
  94          {
  95   1          ADC_CFG0 |= ADC_CHAN0_TRG(0x1); // 触发ADC0转换
  96   1          while (!(ADC_STA & ADC_CHAN0_DONE(0x1)))
  97   1              ;                                           // 等待转换完成
  98   1          ADC_STA = ADC_CHAN0_DONE(0x1);                  // 清除ADC0转换完成标志位
  99   1          return ((ADC_DATAH0 << 4) | (ADC_DATAL0 >> 4)); // 读取ADC0的值
 100   1      }
C51 COMPILER V9.60.7.0   ADC                                                               08/01/2025 15:47:46 PAGE 3   

 101          
 102          // adc采集+滤波
 103          u16 adc_getval(void)
 104          {
 105   1          u16 adc_val_tmp = 0;     // 存放单次采集到的ad值
 106   1          u32 adc_val_sum = 0;     // 存放所有采集到的ad值的累加
 107   1          u16 get_adcmax = 0;      // 存放采集到的最大的ad值
 108   1          u16 get_adcmin = 0xFFFF; // 存放采集到的最小的ad值(初始值为最大值)
 109   1          u8 i = 0;
 110   1      
 111   1          for (i = 0; i < 20; i++)
 112   1          {
 113   2              adc_val_tmp = adc_single_convert(); // 获取一次ad值
 114   2              if (i < 2)
 115   2                  continue; // 丢弃前两次采样的
 116   2              if (adc_val_tmp > get_adcmax)
 117   2                  get_adcmax = adc_val_tmp; // 更新当前采集到的最大值
 118   2              if (adc_val_tmp < get_adcmin)
 119   2                  get_adcmin = adc_val_tmp; // 更新当前采集到的最小值
 120   2              adc_val_sum += adc_val_tmp;
 121   2          }
 122   1      
 123   1          adc_val_sum -= get_adcmax;        // 去掉一个最大
 124   1          adc_val_sum -= get_adcmin;        // 去掉一个最小
 125   1          adc_val_tmp = (adc_val_sum >> 4); // 除以16，取平均值
 126   1      
 127   1          return adc_val_tmp;
 128   1      }


MODULE INFORMATION:   STATIC OVERLAYABLE
   CODE SIZE        =    361    ----
   CONSTANT SIZE    =   ----    ----
   XDATA SIZE       =      2      11
   PDATA SIZE       =   ----    ----
   DATA SIZE        =   ----    ----
   IDATA SIZE       =   ----    ----
   BIT SIZE         =   ----    ----
END OF MODULE INFORMATION.


C51 COMPILATION COMPLETE.  0 WARNING(S),  0 ERROR(S)
