C51 COMPILER V9.60.7.0   BATTERY                                                           08/06/2025 17:46:21 PAGE 1   


C51 COMPILER V9.60.7.0, COMPILATION OF MODULE BATTERY
OBJECT MODULE PLACED IN .\Release\Objects\battery.obj
COMPILER INVOKED BY: C:\Keil_v5\C51\BIN\C51.EXE ..\..\User\battery.c LARGE OPTIMIZE(9,SIZE) BROWSE ORDER INTVECTOR(0X000
                    -C) INCDIR(..\..\Libraries\Include;..\..\User;..\..\User\lib;..\..\Hardware) INTERVAL(3) DEBUG OBJECTEXTEND PRINT(.\Relea
                    -se\Listings\battery.lst) OBJECT(.\Release\Objects\battery.obj)

line level    source

   1          #include "battery.h"
   2          
   3          #if BATTERY_SCAN_ENABLE
              
              volatile u16 battery_scan_time_cnt = 0; // ç”µæ± æ‰«ææ—¶é—´è®¡æ—¶ï¼ˆåœ¨å®šæ—¶å™¨ä¸­ç´¯åŠ ï¼‰
              
              /**
               * @brief å°†adå€¼è½¬æ¢ä¸ºå¯¹åº”çš„ç”µå‹å€¼
               *
               * @param arg_adc_val é‡‡é›†åˆ°çš„adå€¼
               * @return u8 è®¡ç®—å¥½çš„ç”µå‹å€¼ï¼Œå•ä½0.1V
               */
              u16 conver_adc_val_to_voltage(u16 arg_adc_val)
              {
                  /*
                      é‡‡é›†åˆ°çš„adå€¼èŒƒå›´ï¼š0~4095
                      adå€¼å¯¹åº”çš„ç”µå‹ï¼š 0 ~ MAX_VOLTAGE_OF_BATTERY
                      é‚£ä¹ˆ æ¯å•ä½adå€¼å¯¹åº” MAX_VOLTAGE_OF_BATTERY / 4096
                  */
                  // return (u32)arg_adc_val * MAX_VOLTAGE_OF_BATTERY / 4096;
              
                  // ä½¿ç”¨2.4Vå‚è€ƒç”µå‹ï¼Œ12ä½ç²¾åº¦
                  // ç”µæ± ç”µå‹æ˜¯ 1/11 åˆ†å‹ï¼š
                  return (u32)arg_adc_val * 240 * 11 / 10 / 4096;
              }
              
              // å°†ç”µæ± ç”µå‹è½¬æ¢ä¸ºå¯¹åº”çš„ç™¾åˆ†æ¯”
              // voltageï¼š 0~255 ï¼Œ å¯¹åº”0~25.5V
              // ä¾‹å¦‚ voltage == 140ï¼Œå¯¹åº”14.0V 
              u8 conver_voltage_of_battery_to_percentage(u8 voltage)
              {
                  u8 tmp;
              
                  // å®¢æˆ·è¦æ±‚ï¼Œå¦‚æœæ£€æµ‹åˆ°å¤§äº15Vï¼Œå°±è®¤ä¸ºæ»¡ç”µ
                  if (voltage >= 150)
                  {
                      tmp = 100;
                  }
                  else
                  {
                      // å¦‚æœç”µå‹å°äº15Vï¼Œæ ¹æ®å…¬å¼æ¥å¾—åˆ°ç™¾åˆ†æ¯”
                      // ç”¨ç”µæ± ç”µå‹voltageé™¤ä»¥MAX_VOLTAGE_OF_BATTERYï¼Œå¾—åˆ°å æ¯”ï¼Œå†ä¹˜ä»¥100ï¼Œå¾—åˆ°ç™¾åˆ†
             -æ¯”
                      tmp = (u16)voltage * 100 / MAX_VOLTAGE_OF_BATTERY;
                  }
              
                  return tmp;
              }
              
              void battery_scan(void)
              {
                  u16 voltage_of_battery = 0;       // å­˜æ”¾ç”µæ± ç”µå‹
                  u8 cur_percentage_of_battery = 0; // å­˜æ”¾å½“å‰ç”µæ± ç”µé‡ç™¾åˆ†æ¯”
C51 COMPILER V9.60.7.0   BATTERY                                                           08/06/2025 17:46:21 PAGE 2   

              
                  static volatile u32 battery_scan_cnt = 0; // è®°å½•ç”µæ± ç”µå‹æ‰«ææ¬¡æ•°
                  static volatile u32 battery_val = 0;      // ç´¯åŠ æ¯æ¬¡é‡‡é›†åˆ°çš„adå€¼ï¼Œåˆ°äº†ç”µæ± æ‰«ææ—¶é—´æ
             -—¶ï¼Œç›´æ¥æ±‚å¹³å‡å€¼
              
                  static bit flag_is_power_on_first = 1; // æ˜¯å¦ç¬¬ä¸€æ¬¡ä¸Šç”µ
              
              #if 1
                  adc_sel_pin(ADC_PIN_BATTERY);
                  battery_val += adc_getval(); // å¯èƒ½è¦é˜²æ­¢è®¡æ•°æº¢å‡º
                  battery_scan_cnt++;          // ä¸Šé¢é‡‡é›†åˆ°ä¸€æ¬¡adå€¼ä¹‹åï¼Œè¿™é‡ŒåŠ ä¸€è¡¨ç¤ºé‡‡é›†äº†ä¸€æ¬¡
              
                  if (flag_is_power_on_first)
                  {
                      // ç¬¬ä¸€æ¬¡ä¸Šç”µ
                      battery_val /= battery_scan_cnt; // å–å¹³å‡æ•°
                      voltage_of_battery = conver_adc_val_to_voltage(battery_val);
                      cur_percentage_of_battery = conver_voltage_of_battery_to_percentage(voltage_of_battery);
                      battery_val = 0;           // æ¸…ç©ºæ•°å€¼
                      battery_scan_cnt = 0;      // æ¸…ç©ºè®¡æ•°å€¼
                      battery_scan_time_cnt = 0; // æ¸…ç©ºæ—¶é—´è®¡æ•°å€¼
              
                      fun_info.battery = cur_percentage_of_battery;
                      fun_info.voltage_of_battery = voltage_of_battery;
              
                      // printf("cur voltage of battery : %bu\n", voltage_of_battery);
                      // printf("cur percent of battery : %bu\n", cur_percentage_of_battery);
              
                      flag_get_voltage_of_battery = 1;
                      flag_get_battery = 1;
              
                      flag_is_power_on_first = 0;
                  }
                  else
                  {
                      // ä¸æ˜¯ç¬¬ä¸€æ¬¡ä¸Šç”µ
              
                      if (battery_scan_time_cnt >= BATTERY_SCAN_UPDATE_TIME_MS) // å¦‚æœåˆ°äº†ç”µæ± æ•°æ®çš„æ›´æ–°æ—¶é
             -—´ï¼ˆæ›´æ–°/å‘é€ç”µæ± æ•°æ®çš„æ—¶é—´ï¼‰
                      {
                          battery_val /= battery_scan_cnt; // å–å¹³å‡æ•°
                          voltage_of_battery = conver_adc_val_to_voltage(battery_val);
                          cur_percentage_of_battery = conver_voltage_of_battery_to_percentage(voltage_of_battery);
                          battery_val = 0;           // æ¸…ç©ºæ•°å€¼
                          battery_scan_cnt = 0;      // æ¸…ç©ºè®¡æ•°å€¼
                          battery_scan_time_cnt = 0; // æ¸…ç©ºæ—¶é—´è®¡æ•°å€¼
              
                          fun_info.battery = cur_percentage_of_battery;
                          fun_info.voltage_of_battery = voltage_of_battery;
              
                          // printf("cur voltage of battery : %bu\n", voltage_of_battery);
                          // printf("cur percent of battery : %bu\n", cur_percentage_of_battery);
              
                          flag_get_voltage_of_battery = 1;
                          flag_get_battery = 1;
                      }
                  }
              
              #endif
              
              #if 0
                  adc_sel_pin(ADC_PIN_BATTERY);
C51 COMPILER V9.60.7.0   BATTERY                                                           08/06/2025 17:46:21 PAGE 3   

                  // battery_val += adc_getval(); // å¯èƒ½è¦é˜²æ­¢è®¡æ•°æº¢å‡º
                  // battery_scan_cnt++; // ä¸Šé¢é‡‡é›†åˆ°ä¸€æ¬¡adå€¼ä¹‹åï¼Œè¿™é‡ŒåŠ ä¸€è¡¨ç¤ºé‡‡é›†äº†ä¸€æ¬¡
                  if (battery_scan_time_cnt >= BATTERY_SCAN_UPDATE_TIME_MS) // å¦‚æœåˆ°äº†ç”µæ± æ•°æ®çš„æ›´æ–°æ—¶é—´ï¼
             -ˆæ›´æ–°/å‘é€ç”µæ± æ•°æ®çš„æ—¶é—´ï¼‰
                  {
                      // battery_val /= battery_scan_cnt; // å–å¹³å‡æ•°
                      // battery_val = adc_getval();
                      battery_val = adc_single_convert();
                      voltage_of_battery = conver_adc_val_to_voltage(battery_val);
                      cur_percentage_of_battery = conver_voltage_of_battery_to_percentage(voltage_of_battery);
                      battery_val = 0;           // æ¸…ç©ºæ•°å€¼
                      battery_scan_cnt = 0;      // æ¸…ç©ºè®¡æ•°å€¼
                      battery_scan_time_cnt = 0; // æ¸…ç©ºæ—¶é—´è®¡æ•°å€¼
              
                      fun_info.battery = cur_percentage_of_battery;
                      fun_info.voltage_of_battery = voltage_of_battery;
              
                      // printf("cur voltage of battery : %bu\n", voltage_of_battery);
                      // printf("cur percent of battery : %bu\n", cur_percentage_of_battery);
              
                      flag_get_voltage_of_battery = 1;
                      flag_get_battery = 1;
                  }
              #endif
              }
              
              #endif // BATTERY_SCAN_ENABLE


MODULE INFORMATION:   STATIC OVERLAYABLE
   CODE SIZE        =   ----    ----
   CONSTANT SIZE    =   ----    ----
   XDATA SIZE       =   ----    ----
   PDATA SIZE       =   ----    ----
   DATA SIZE        =   ----    ----
   IDATA SIZE       =   ----    ----
   BIT SIZE         =   ----    ----
END OF MODULE INFORMATION.


C51 COMPILATION COMPLETE.  0 WARNING(S),  0 ERROR(S)
