C51 COMPILER V9.60.7.0   IIC_EEPROM                                                        08/05/2025 17:55:48 PAGE 1   


C51 COMPILER V9.60.7.0, COMPILATION OF MODULE IIC_EEPROM
OBJECT MODULE PLACED IN .\Release\Objects\iic_eeprom.obj
COMPILER INVOKED BY: C:\Keil_v5\C51\BIN\C51.EXE ..\..\Hardware\iic_eeprom.c LARGE OPTIMIZE(9,SIZE) BROWSE ORDER INTVECTO
                    -R(0X000C) INCDIR(..\..\Libraries\Include;..\..\User;..\..\User\lib;..\..\Hardware) INTERVAL(3) DEBUG OBJECTEXTEND PRINT(
                    -.\Release\Listings\iic_eeprom.lst) OBJECT(.\Release\Objects\iic_eeprom.obj)

line level    source

   1          #include "iic_eeprom.h"
   2          
   3          volatile eeprom_menu_t eeprom_menu_prev;
   4          volatile eeprom_menu_t eeprom_menu_next;
   5          volatile eeprom_saveinfo_t eeprom_saveinfo;
   6          
   7          // æ›´æ–°eepromä¸­ç›®å½•ç›¸å…³çš„æ•°æ®ï¼Œéœ€è¦æå‰å†™å¥½ eeprom_menu_prev å’Œ eeprom_menu_next
   8          void eeprom_menu_write(void)
   9          {
  10   1          eeprom_24cxx_write(0, (u8 *)&eeprom_menu_prev, sizeof(eeprom_menu_t));
  11   1          eeprom_24cxx_write(1, (u8 *)&eeprom_menu_next, sizeof(eeprom_menu_t));
  12   1      }
  13          
  14          void eeprom_menu_read(void)
  15          {
  16   1          eeprom_24cxx_read(0, (u8 *)&eeprom_menu_prev, sizeof(eeprom_menu_t));
  17   1          eeprom_24cxx_read(1, (u8 *)&eeprom_menu_next, sizeof(eeprom_menu_t));
  18   1      }
  19          
  20          void eeprom_menu_init(void)
  21          {
  22   1          eeprom_menu_read();
  23   1      
  24   1          if (eeprom_menu_prev.is_data_valid != EEPROM_DATA_VALID_VAL && eeprom_menu_next.is_data_valid != EEPRO
             -M_DATA_VALID_VAL)
  25   1          {
  26   2              // å¦‚æœä¸¤ä¸ªé¡µ çš„ç›®å½•è¯»åˆ°çš„æ•°æ®éƒ½æ˜¯æ— æ•ˆçš„ï¼Œè¯´æ˜æ˜¯ç¬¬ä¸€æ¬¡ä½¿ç”¨eepromï¼Œè¿›è
             -¡Œåˆå§‹åŒ–
  27   2              eeprom_menu_prev.cur_write_page_id = 2; // 0ä¸ºç›®å½•prevï¼Œ1ä¸ºç›®å½•nextï¼ŒçœŸæ­£çš„æ•°æ®ä»2å¼
             -€å§‹
  28   2              eeprom_menu_prev.is_data_valid = EEPROM_DATA_VALID_VAL;
  29   2      
  30   2              eeprom_menu_next = eeprom_menu_prev;
  31   2              eeprom_menu_write();
  32   2      
  33   2              printf("all menus are invalid\n");
  34   2          }
  35   1          else if ((eeprom_menu_prev.is_data_valid == EEPROM_DATA_VALID_VAL && eeprom_menu_next.is_data_valid !=
             - EEPROM_DATA_VALID_VAL) ||
  36   1                   (eeprom_menu_prev.is_data_valid != EEPROM_DATA_VALID_VAL && eeprom_menu_next.is_data_valid ==
             - EEPROM_DATA_VALID_VAL))
  37   1          {
  38   2              // å¦‚æœä¸¤ä¸ªé¡µçš„ç›®å½•è¯»åˆ°çš„æ•°æ®æœ‰ä¸€ä¸ªé¡µæ˜¯æœ‰æ•ˆçš„ï¼Œæœ‰ä¸€ä¸ªé¡µæ˜¯æ— æ•ˆçš„
  39   2              // ç”¨æœ‰æ•ˆçš„é‚£ä¸ªé¡µçš„æ•°æ®è¿›è¡Œåˆå§‹åŒ–
  40   2      
  41   2              if (eeprom_menu_prev.is_data_valid == EEPROM_DATA_VALID_VAL)
  42   2              {
  43   3                  eeprom_menu_next = eeprom_menu_prev;
  44   3                  eeprom_24cxx_write(1, (u8 *)&eeprom_menu_next, sizeof(eeprom_menu_t));
  45   3              }
  46   2              else if (eeprom_menu_next.is_data_valid == EEPROM_DATA_VALID_VAL)
  47   2              {
  48   3                  eeprom_menu_prev = eeprom_menu_next;
C51 COMPILER V9.60.7.0   IIC_EEPROM                                                        08/05/2025 17:55:48 PAGE 2   

  49   3                  eeprom_24cxx_write(0, (u8 *)&eeprom_menu_prev, sizeof(eeprom_menu_t));
  50   3              }
  51   2      
  52   2              printf("one of menus is valid\n");
  53   2          }
  54   1          else
  55   1          {
  56   2              // å¦‚æœä¸¤ä¸ªé¡µçš„ç›®å½•ä¸­çš„æ•°æ®éƒ½æœ‰æ•ˆ
  57   2              printf("menus are valid\n");
  58   2          }
  59   1      }
  60          
  61          #if USE_MY_DEBUG
  62          volatile bit flag_is_printf_eeprom_data;
  63          
  64          volatile eeprom_menu_t eeprom_menu;
  65          
  66          void eeprom_printf_all(void)
  67          {
  68   1          u16 i;
  69   1      
  70   1          // eeprom_menu_t eeprom_menu = {0};
  71   1          eeprom_menu.cur_write_page_id = 0;
  72   1          eeprom_menu.is_data_valid = 0;
  73   1          eeprom_24cxx_read(0, (u8 *)&eeprom_menu, sizeof(eeprom_menu_t));
  74   1          printf("eeprom_menu_prev.cur_write_page_id = %bu\n", eeprom_menu.cur_write_page_id);
  75   1          printf("eeprom_menu_prev.is_data_valid = 0x %x\n", (u16)eeprom_menu.is_data_valid);
  76   1      
  77   1          eeprom_menu.cur_write_page_id = 0;
  78   1          eeprom_menu.is_data_valid = 0;
  79   1          eeprom_24cxx_read(1, (u8 *)&eeprom_menu, sizeof(eeprom_menu_t));
  80   1          printf("eeprom_menu_next.cur_write_page_id = %bu\n", eeprom_menu.cur_write_page_id);
  81   1          printf("eeprom_menu_next.is_data_valid = 0x %x\n", (u16)eeprom_menu.is_data_valid);
  82   1      
  83   1          printf("====================================================\n");
  84   1      
  85   1          // for (i = 2; i < 128; i++)
  86   1          for (i = 2; i < 128; i++)
  87   1          {
  88   2              eeprom_24cxx_read(i, (u8 *)&eeprom_saveinfo, sizeof(eeprom_saveinfo_t));
  89   2              printf("cur_page_id %u\n", i);
  90   2              printf("eeprom_saveinfo.erase_cnt = %lu\n", eeprom_saveinfo.erase_cnt);
  91   2              printf("eeprom_saveinfo.toal_mileage = %lu\n", eeprom_saveinfo.total_mileage);
  92   2              printf("eeprom_saveinfo.subtotal_mileage = %lu\n", eeprom_saveinfo.subtotal_mileage);
  93   2              printf("eeprom_saveinfo.subtotal_mileage_2 = %lu\n", eeprom_saveinfo.subtotal_mileage_2);
  94   2              printf("====================================================\n");
  95   2          }
  96   1      }
  97          
  98          #endif
  99          
 100          // å‘eepromå†™å…¥éœ€è¦ä¿å­˜çš„æ•°æ®
 101          volatile eeprom_saveinfo_t eeprom_saveinfo_prev; // å­˜æ”¾ä»eepromè¯»å‡ºçš„æ•°æ®ï¼Œprevï¼ŒåŒä¸€ç»„æ•°æ
             -®çš„å‰ä¸€é¡µæ•°æ®
 102          volatile eeprom_saveinfo_t eeprom_saveinfo_next; // å­˜æ”¾ä»eepromè¯»å‡ºçš„æ•°æ®ï¼Œnextï¼ŒåŒä¸€ç»„æ•°æ
             -®çš„åä¸€é¡µæ•°æ®
 103          /*
 104              å‡½æ•°å†…éƒ¨ä¼šæŠŠ fun_info.save_info çš„æ•°æ®å†™å…¥eeprom
 105          */
 106          void eeprom_data_save(void)
 107          {
 108   1          u8 cur_save_info_id_prev; // å½“å‰ä¿å­˜æ•°æ®çš„é¡µidï¼Œprevï¼ŒåŒä¸€ç»„æ•°æ®çš„å‰ä¸€é¡µï¼ˆä¸ºäº†è
C51 COMPILER V9.60.7.0   IIC_EEPROM                                                        08/05/2025 17:55:48 PAGE 3   

             -Š‚çœç¨‹åºç©ºé—´ï¼Œä¸è¿›è¡Œåˆå§‹åŒ–ï¼Œç”±å‡½æ•°å†…éƒ¨èµ‹å€¼ï¼‰
 109   1          u8 cur_save_info_id_next; // å½“å‰ä¿å­˜æ•°æ®çš„é¡µidï¼Œnextï¼ŒåŒä¸€ç»„æ•°æ®çš„åä¸€é¡µ
 110   1      
 111   1          u8 cur_write_page_id = 0; // å­˜æ”¾å¾…å†™å…¥æ•°æ®çš„åœ°å€å¯¹åº”id
 112   1          u32 cur_erase_cnt;        // å­˜æ”¾è¯»å–åˆ°çš„æ“¦å†™æ¬¡æ•°
 113   1      
 114   1          /*
 115   1              å†™å…¥å‰ï¼Œè¯»å–ç›®å½•ï¼Œæ ¹æ®ç›®å½•æ‰¾åˆ°è¦å†™å…¥çš„åœ°å€
 116   1      
 117   1              å¦‚æœç›®å½•çš„æ•°æ®ä¸ä¸€è‡´ï¼Œä»¥æœ€åå†™å…¥çš„åœ°å€ä½œä¸ºæ–°å†™å…¥åœ°å€ï¼ˆç›®å½•ä¸­çš„ä¸¤ä¸
             -ªåœ°å€ï¼Œæœ€åå†™å…¥çš„åœ°å€åº”è¯¥å¤§äºå¦ä¸€ä¸ªåœ°å€ï¼‰
 118   1          */
 119   1      
 120   1          eeprom_menu_read();
 121   1      
 122   1          // if (eeprom_menu_prev.is_data_valid == EEPROM_DATA_VALID_VAL && eeprom_menu_next.is_data_valid == EE
             -PROM_DATA_VALID_VAL)
 123   1          if (eeprom_menu_prev.cur_write_page_id == eeprom_menu_next.cur_write_page_id)
 124   1          {
 125   2              cur_write_page_id = eeprom_menu_prev.cur_write_page_id;
 126   2          }
 127   1          else
 128   1          {
 129   2              // å¦‚æœç›®å½•ä¸­çš„æ•°æ®ä¸ä¸€è‡´ï¼Œåˆ¤æ–­å“ªä¸ªåœ°å€æ›´å¤§ï¼Œå“ªä¸ªå°±ä½œä¸ºå¾…å†™å…¥çš„åœ°å
             -€çš„id
 130   2              if (eeprom_menu_prev.cur_write_page_id > eeprom_menu_next.cur_write_page_id)
 131   2              {
 132   3                  cur_write_page_id = eeprom_menu_prev.cur_write_page_id;
 133   3              }
 134   2              else
 135   2              {
 136   3                  cur_write_page_id = eeprom_menu_next.cur_write_page_id;
 137   3              }
 138   2          }
 139   1      
 140   1          /*
 141   1              page[0]å’Œpage[1]å·²ç»ä½œä¸ºç›®å½•ä½¿ç”¨ï¼ˆid==0å’Œid==1ï¼‰ï¼Œ
 142   1              å‰©ä¸‹çš„é¡µé¢ï¼Œæ¯ä¸¤ä¸ªé¡µé¢ä½œä¸ºä¸€ç»„æ•°æ®ï¼Œ
 143   1              é‚£ä¹ˆå¶æ•°é¡µé¢ä½œä¸ºåŒä¸€ç»„é¡µé¢çš„å‰ä¸€ä¸ªé¡µé¢ï¼Œå¥‡æ•°é¡µé¢ä½œä¸ºåŒä¸€ç»„é¡µé¢çš„å
             -ä¸€ä¸ªé¡µé¢
 144   1      
 145   1              ä¾‹å¦‚ id == 2 ä½œä¸ºç¬¬ 1 ç»„é¡µé¢çš„å‰ä¸€ä¸ªé¡µé¢ prevï¼Œ
 146   1                  id == 3 ä½œä¸ºç¬¬ 1 ç»„é¡µé¢çš„åä¸€ä¸ªé¡µé¢ next
 147   1          */
 148   1          if (cur_write_page_id % 2 == 0)
 149   1          {
 150   2              /*
 151   2                  å¦‚æœå¾—åˆ°çš„æ˜¯å¶æ•°é¡µé¢ï¼Œ
 152   2                  å¾—åˆ°çš„å¶æ•°ï¼Œä½œä¸ºåŒä¸€ç»„é¡µé¢çš„ç¬¬ä¸€ä¸ªé¡µé¢ prev
 153   2                  å¾—åˆ°çš„å¶æ•° + 1ï¼Œä½œä¸ºåŒä¸€ç»„é¡µé¢çš„ç¬¬äºŒä¸ªé¡µé¢ next
 154   2              */
 155   2              cur_save_info_id_prev = cur_write_page_id;
 156   2              cur_save_info_id_next = cur_write_page_id + 1;
 157   2          }
 158   1          else
 159   1          {
 160   2              /*
 161   2                  å¦‚æœå¾—åˆ°çš„æ˜¯å¥‡æ•°é¡µé¢ï¼Œ
 162   2      
 163   2                  å¾—åˆ°çš„å¥‡æ•° - 1ï¼Œä½œä¸ºåŒä¸€ç»„é¡µé¢çš„ç¬¬ä¸€ä¸ªé¡µé¢ prev
 164   2                  å¾—åˆ°çš„å¥‡æ•°ï¼Œä½œä¸ºåŒä¸€ç»„é¡µé¢çš„ç¬¬äºŒä¸ªé¡µé¢ next
 165   2              */
C51 COMPILER V9.60.7.0   IIC_EEPROM                                                        08/05/2025 17:55:48 PAGE 4   

 166   2              cur_save_info_id_prev = cur_write_page_id - 1;
 167   2              cur_save_info_id_next = cur_write_page_id;
 168   2          }
 169   1      
 170   1          /*
 171   1              å¾—åˆ°åŒä¸€ç»„é¡µé¢çš„å‰ã€åä¸¤ä¸ªé¡µé¢çš„idåï¼Œè¯»å–è¿™ä¸¤ä¸ªé¡µé¢å¯¹åº”çš„æ•°æ®
 172   1      
 173   1              å°†ä¸¤ä¸ªé¡µé¢çš„æ•°æ®è¿›è¡Œæ¯”è¾ƒï¼Œ ç”¨æ€»é‡Œç¨‹è¾ƒå¤§çš„æ•°æ® è¦†ç›– æ€»é‡Œç¨‹è¾ƒå°çš„æ•°æ
             -®
 174   1      
 175   1              å¦‚æœè¶…è¿‡äº†é™åˆ¶çš„æ“¦å†™æ¬¡æ•°ï¼Œè¦æ¢ä¸‹ä¸€ç»„é¡µé¢ï¼Œå¹¶ä¸”æ›´æ–°åˆ°ç›®å½•ä¸­
 176   1              å¦‚æœå†™å®Œä¹‹åï¼Œè®°å½•çš„é¡µé¢idä¸ç›®å½•ä¸­çš„idä¸ä¸€è‡´ï¼Œè¦æ›´æ–°ç›®å½•ä¸­è®°å½•çš„é¡µé
             -¢id
 177   1          */
 178   1          eeprom_24cxx_read((cur_save_info_id_prev), (u8 *)&eeprom_saveinfo_prev, sizeof(eeprom_saveinfo_t));
 179   1          eeprom_24cxx_read((cur_save_info_id_next), (u8 *)&eeprom_saveinfo_next, sizeof(eeprom_saveinfo_t));
 180   1      
 181   1          // æ•°æ®æ— æ•ˆï¼Œå¯èƒ½æ˜¯ç¬¬ä¸€æ¬¡è¯»å–ï¼Œæˆ–è€…ç”±äºå†™å…¥æ—¶æ‰ç”µå¯¼è‡´æ•°æ®ä¸¢å¤±
 182   1          if (eeprom_saveinfo_prev.is_data_valid != EEPROM_DATA_VALID_VAL)
 183   1          {
 184   2              eeprom_saveinfo_prev.erase_cnt = 0;
 185   2              eeprom_saveinfo_prev.total_mileage = 0;
 186   2              eeprom_saveinfo_prev.subtotal_mileage = 0;
 187   2              eeprom_saveinfo_prev.subtotal_mileage_2 = 0;
 188   2              eeprom_saveinfo_prev.is_data_valid = EEPROM_DATA_VALID_VAL;
 189   2          }
 190   1      
 191   1          // æ•°æ®æ— æ•ˆï¼Œå¯èƒ½æ˜¯ç¬¬ä¸€æ¬¡è¯»å–ï¼Œæˆ–è€…ç”±äºå†™å…¥æ—¶æ‰ç”µå¯¼è‡´æ•°æ®ä¸¢å¤±
 192   1          if (eeprom_saveinfo_next.is_data_valid != EEPROM_DATA_VALID_VAL)
 193   1          {
 194   2              eeprom_saveinfo_next = eeprom_saveinfo_prev;
 195   2          }
 196   1      
 197   1          if (eeprom_saveinfo_prev.total_mileage < eeprom_saveinfo_next.total_mileage)
 198   1          {
 199   2              /*
 200   2                  å¦‚æœå‰ä¸€ä¸ªé¡µé¢çš„æ€»é‡Œç¨‹è¦å°äºåä¸€ä¸ªé¡µé¢çš„æ€»é‡Œç¨‹ï¼Œ
 201   2                  åä¸€ä¸ªé¡µé¢çš„æ€»é‡Œç¨‹ åŠ ä¸Š æ–°å¢çš„æ€»é‡Œç¨‹å¢é‡ï¼Œå¾—åˆ°çš„æ€»é‡Œç¨‹ä¿å­˜åˆ°å‰ä¸
             -€ä¸ªé¡µé¢ä¸­ï¼Œ
 202   2                  åä¸€ä¸ªé¡µé¢ä½œä¸ºå¤‡ä»½ï¼Œä¹Ÿä¿å­˜ä¸‹æ¥
 203   2              */
 204   2              eeprom_saveinfo_next.total_mileage = fun_info.save_info.total_mileage;
 205   2              eeprom_saveinfo_next.subtotal_mileage = fun_info.save_info.subtotal_mileage;
 206   2              eeprom_saveinfo_next.subtotal_mileage_2 = fun_info.save_info.subtotal_mileage_2;
 207   2      
 208   2              cur_erase_cnt = eeprom_saveinfo_next.erase_cnt; // å­˜æ”¾æ“¦å†™æ¬¡æ•°
 209   2              eeprom_saveinfo_prev = eeprom_saveinfo_next;
 210   2          }
 211   1          else
 212   1          {
 213   2              /*
 214   2                  å¦‚æœå‰ä¸€ä¸ªé¡µé¢çš„æ€»é‡Œç¨‹è¦ å¤§äºæˆ–ç­‰äº åä¸€ä¸ªé¡µé¢çš„æ€»é‡Œç¨‹ï¼Œ
 215   2                  å‰ä¸€ä¸ªé¡µé¢çš„æ€»é‡Œç¨‹ åŠ ä¸Š æ–°å¢çš„æ€»é‡Œç¨‹å¢é‡ï¼Œå¾—åˆ°çš„æ€»é‡Œç¨‹ä¿å­˜åˆ°åä¸
             -€ä¸ªé¡µé¢ä¸­ï¼Œ
 216   2                  å‰ä¸€ä¸ªé¡µé¢ä½œä¸ºå¤‡ä»½ï¼Œä¹Ÿä¿å­˜ä¸‹æ¥
 217   2              */
 218   2      
 219   2              eeprom_saveinfo_prev.total_mileage = fun_info.save_info.total_mileage;
 220   2              eeprom_saveinfo_prev.subtotal_mileage = fun_info.save_info.subtotal_mileage;
 221   2              eeprom_saveinfo_prev.subtotal_mileage_2 = fun_info.save_info.subtotal_mileage_2;
 222   2      
 223   2              cur_erase_cnt = eeprom_saveinfo_prev.erase_cnt; // å­˜æ”¾æ“¦å†™æ¬¡æ•°
C51 COMPILER V9.60.7.0   IIC_EEPROM                                                        08/05/2025 17:55:48 PAGE 5   

 224   2              eeprom_saveinfo_next = eeprom_saveinfo_prev;
 225   2          }
 226   1      
 227   1          cur_erase_cnt++; // æ“¦å†™æ¬¡æ•°ç´¯åŠ 
 228   1          eeprom_saveinfo_prev.erase_cnt = cur_erase_cnt;
 229   1          eeprom_saveinfo_next.erase_cnt = cur_erase_cnt;
 230   1          if (cur_erase_cnt >= EEPROM_MAX_ERASE_COUNTS_PER_PAGE)
 231   1          {
 232   2              // å¦‚æœè¶…è¿‡äº†ä¸€ç»„é¡µé¢çš„æœ€å¤§æ“¦å†™æ¬¡æ•°ï¼Œæ›´æ¢ä¸‹ä¸€ç»„é¡µé¢
 233   2              cur_save_info_id_prev = cur_save_info_id_next + 1; // å½“å‰ä¸ºå¥‡æ•°idï¼ŒåŠ ä¸€ï¼Œä¸ºå¶æ•°idï¼Œæ
             -˜¯ä¸‹ä¸€ç»„é¡µé¢çš„ç¬¬ä¸€ä¸ªé¡µé¢
 234   2              cur_save_info_id_next = cur_save_info_id_prev + 1;
 235   2      
 236   2              // æ“¦å†™æ¬¡æ•°æ¸…é›¶
 237   2              eeprom_saveinfo_prev.erase_cnt = 0;
 238   2              eeprom_saveinfo_next.erase_cnt = 0;
 239   2          }
 240   1      
 241   1          eeprom_24cxx_write(cur_save_info_id_prev, (u8 *)&eeprom_saveinfo_prev, sizeof(eeprom_saveinfo_t));
 242   1          eeprom_24cxx_write(cur_save_info_id_next, (u8 *)&eeprom_saveinfo_next, sizeof(eeprom_saveinfo_t));
 243   1      
 244   1          /*
 245   1              å¦‚æœå†™å…¥çš„é¡µé¢idä¸ç›®å½•è®°å½•çš„idä¸ä¸€æ ·ï¼Œåˆ™æ›´æ–°ç›®å½•è®°å½•çš„id
 246   1          */
 247   1          if (cur_save_info_id_prev != eeprom_menu_prev.cur_write_page_id)
 248   1          {
 249   2              eeprom_menu_prev.cur_write_page_id = cur_save_info_id_prev;
 250   2              eeprom_menu_prev.is_data_valid = EEPROM_DATA_VALID_VAL;
 251   2      
 252   2              // eeprom_menu_next.cur_write_page_id = cur_save_info_id_prev;
 253   2              // eeprom_menu_next.is_data_valid = EEPROM_DATA_VALID_VAL;
 254   2      
 255   2              eeprom_menu_next = eeprom_menu_prev;
 256   2      
 257   2              eeprom_menu_write();
 258   2          }
 259   1      }
 260          
 261          void eeprom_24cxx_clear(void)
 262          {
 263   1          u16 i;
 264   1          const u8 clear_data = 0x00;
 265   1          for (i = 0; i < ((u16)128 * 32); i++)
 266   1          {
 267   2              while (0 == iic_eeprom_write(IIC_ON_CHIP_DEVICE_ADDR, i, (u8 *)&clear_data, 1))
 268   2                  ;
 269   2          }
 270   1      }


MODULE INFORMATION:   STATIC OVERLAYABLE
   CODE SIZE        =   1010    ----
   CONSTANT SIZE    =    448    ----
   XDATA SIZE       =     57      12
   PDATA SIZE       =   ----    ----
   DATA SIZE        =   ----    ----
   IDATA SIZE       =   ----    ----
   BIT SIZE         =      1    ----
END OF MODULE INFORMATION.


C51 COMPILATION COMPLETE.  0 WARNING(S),  0 ERROR(S)
