C51 COMPILER V9.60.7.0   INSTRUCTION                                                       08/01/2025 15:47:48 PAGE 1   


C51 COMPILER V9.60.7.0, COMPILATION OF MODULE INSTRUCTION
OBJECT MODULE PLACED IN .\Release\Objects\instruction.obj
COMPILER INVOKED BY: C:\Keil_v5\C51\BIN\C51.EXE ..\..\User\instruction.c LARGE OPTIMIZE(9,SIZE) BROWSE ORDER INTVECTOR(0
                    -X000C) INCDIR(..\..\Libraries\Include;..\..\User;..\..\User\lib;..\..\Hardware) INTERVAL(3) DEBUG OBJECTEXTEND PRINT(.\R
                    -elease\Listings\instruction.lst) OBJECT(.\Release\Objects\instruction.obj)

line level    source

   1          #include "instruction.h"
   2          
   3          #include <string.h> // memset()
   4          
   5          // ç”¨bitå®šä¹‰ï¼Œæ¥èŠ‚çœç©ºé—´
   6          // ä¸‹é¢çš„æ ‡å¿—ä½ï¼Œæœ‰å¯èƒ½æ˜¯ä»ä¸²å£æ¥æ”¶åˆ°äº†æŒ‡ä»¤æ¥ç½®ä½ï¼Œä¹Ÿæœ‰å¯èƒ½æ˜¯å…¶ä»–çš„æ‰«æå
             -‡½æ•°æ›´æ–°äº†çŠ¶æ€æ¥ç½®ä½
   7          volatile bit flag_get_all_status = 0;   // è·å–æ‰€æœ‰åŠŸèƒ½çš„çŠ¶æ€
   8          volatile bit flag_get_gear = 0;         // è·å–æŒ¡ä½çŠ¶æ€ / å¾—åˆ°äº†æŒ¡ä½çš„çŠ¶æ€
   9          volatile bit flag_get_battery = 0;      // è·å–ç”µæ± çŠ¶æ€ / å¾—åˆ°äº†ç”µæ± çš„çŠ¶æ€ï¼ˆç”µæ± ç”µé‡ï¼Œ
             -å•ä½ï¼šç™¾åˆ†æ¯”ï¼‰
  10          volatile bit flag_get_brake = 0;        // è·å–åˆ¹è½¦çŠ¶æ€ / å¾—åˆ°äº†åˆ¹è½¦çš„çŠ¶æ€
  11          volatile bit flag_get_left_turn = 0;    // è·å–å·¦è½¬å‘ç¯çš„çŠ¶æ€ / å¾—åˆ°äº†å·¦è½¬å‘ç¯çš„çŠ¶æ€
  12          volatile bit flag_get_right_turn = 0;   // è·å–å³è½¬å‘ç¯çš„çŠ¶æ€ / å¾—åˆ°äº†å³è½¬å‘ç¯çš„çŠ¶æ€
  13          volatile bit flag_get_high_beam = 0;    // è·å–è¿œå…‰ç¯çš„çŠ¶æ€ / å¾—åˆ°äº†è¿œå…‰ç¯çš„çŠ¶æ€
  14          volatile bit flag_get_engine_speed = 0; // è·å–å‘åŠ¨æœºçš„è½¬é€Ÿ / å¾—åˆ°äº†å‘åŠ¨æœºçš„è½¬é€Ÿ
  15          volatile bit flag_get_speed = 0;        // è·å–æ—¶é€Ÿ / å¾—åˆ°äº†æ—¶é€Ÿ
  16          volatile bit flag_get_fuel = 0;         // è·å–æ²¹é‡ / å¾—åˆ°äº†æ²¹é‡ï¼ˆå•ä½ï¼šç™¾åˆ†æ¯”ï¼‰
  17          #if TEMP_OF_WATER_SCAN_ENABLE
              // volatile bit flag_get_temp_of_water = 0; // è·å–æ°´æ¸© / å¾—åˆ°äº†æ°´æ¸©
              #endif
  20          volatile bit flag_update_malfunction_status; // æ ‡å¿—ä½ï¼Œæ›´æ–°æ•…éšœçŠ¶æ€
  21          volatile bit flag_update_abs_status;         // æ ‡å¿—ä½ï¼Œæ›´æ–°absçš„çŠ¶æ€
  22          
  23          volatile bit flag_get_total_mileage = 0;       // è·å–å¤§è®¡é‡Œç¨‹ / å¾—åˆ°äº†å¤§è®¡é‡Œç¨‹(æ•°æ®éœ€è¦æ
             -›´æ–°)
  24          volatile bit flag_get_sub_total_mileage = 0;   // è·å–å°è®¡é‡Œç¨‹ / å¾—åˆ°äº†å°è®¡é‡Œç¨‹(æ•°æ®éœ€è¦æ
             -›´æ–°)
  25          volatile bit flag_get_sub_total_mileage_2 = 0; // è·å–å°è®¡é‡Œç¨‹2 / å¾—åˆ°äº†å°è®¡é‡Œç¨‹2(æ•°æ®éœ€è¦
             -æ›´æ–°)
  26          
  27          // volatile bit flag_get_touch_key_status = 0; // è·å–è§¦æ‘¸æŒ‰é”®çš„çŠ¶æ€
  28          // volatile bit flag_alter_date = 0; // ä¿®æ”¹æ—¥æœŸ
  29          volatile bit flag_alter_time = 0; // ä¿®æ”¹æ—¶é—´
  30          
  31          volatile bit flag_get_voltage_of_battery = 0;    // è·å–ç”µæ± ç”µå‹
  32          
  33          #if TEMP_OF_WATER_SCAN_ENABLE
              volatile bit flag_set_temp_of_water_warning = 0; // è®¾ç½®æ°´æ¸©æŠ¥è­¦
              #endif
  36          
  37          volatile bit flag_clear_total_mileage = 0;       // æ¸…é™¤å¤§è®¡é‡Œç¨‹
  38          volatile bit flag_clear_sub_total_mileage = 0;   // æ¸…é™¤å°è®¡é‡Œç¨‹
  39          volatile bit flag_clear_sub_total_mileage_2 = 0; // æ¸…é™¤å°è®¡é‡Œç¨‹2
  40          
  41          volatile u8 synchronous_request_status = 0;    // åŒæ­¥è¯·æ±‚çŠ¶æ€æœº
  42          volatile u16 synchronous_request_time_cnt = 0; // åŒæ­¥è¯·æ±‚æ—¶é—´è®¡æ—¶
  43          
  44          volatile u8 update_time_status = 0; // æ›´æ–°æ—¶é—´çš„çŠ¶æ€æœº
  45          // volatile u8 update_date_status = 0; // æ›´æ–°æ—¥æœŸçš„çŠ¶æ€æœº
  46          
  47          volatile u16 update_time_cooling_cnt = 0; // æ›´æ–°æ—¶é—´çš„å†·å´è®¡æ•°
  48          // volatile u16 update_date_cooling_cnt = 0; // æ›´æ–°æ—¥æœŸçš„å†·å´è®¡æ•°
C51 COMPILER V9.60.7.0   INSTRUCTION                                                       08/01/2025 15:47:48 PAGE 2   

  49          
  50          // // å­˜æ”¾æ¥æ”¶åˆ°çš„è®¾ç½®æ°´æ¸©æŠ¥è­¦çš„æŒ‡ä»¤ä¸­ï¼Œå¯¹åº”çš„æ“ä½œï¼Œé»˜è®¤ä¸ºæ— æ“ä½œ
  51          // volatile u8 operation_set_temp_of_water_warning = OPERATION_SET_TEMP_OF_WATER_WARNING_NONE;
  52          
  53          // æ£€æŸ¥æ¥æ”¶æ˜¯å¦æ­£ç¡®çš„å‡½æ•°ï¼Œå¦‚æœæ¥æ”¶æ­£ç¡®ï¼Œ
  54          // æ ¹æ®æ¥æ”¶åˆ°çš„æ•°æ®ä¸­çš„æŒ‡ä»¤ï¼Œç»™å¯¹åº”çš„æŒ‡ä»¤çš„æ ‡å¿—ä½ç½®ä¸€
  55          void instruction_scan(void)
  56          {
  57   1          u8 i = 0; // æ³¨æ„è¦å¤§äºç­‰äºç¼“å†²åŒºèƒ½å­˜æ”¾çš„æŒ‡ä»¤æ•°ç›®
  58   1          for (i = 0; i < (UART0_RXBUF_LEN) / (FRAME_MAX_LEN); i++)
  59   1          {
  60   2              if (flagbuf_valid_instruction[i]) // å¦‚æœå¯¹åº”çš„ä½ç½®æœ‰åˆæ³•çš„æ•°æ®å¸§
  61   2              {
  62   3                  // æ ¹æ®æ¥æ”¶åˆ°æ•°æ®ä¸­çš„æŒ‡ä»¤ï¼Œç»™å¯¹åº”çš„æŒ‡ä»¤çš„æ ‡å¿—ä½ç½®ä¸€
  63   3                  // if (4 == uart0_recv_buf[i][1]) // å¦‚æœæ˜¯å››ä½é•¿åº¦çš„æŒ‡ä»¤
  64   3                  {
  65   4                      switch (uart0_recv_buf[i][2]) // æ ¹æ®ä¸åŒçš„æŒ‡ä»¤æ¥ç»™å¯¹åº”çš„æ ‡å¿—ä½ç½®ä¸€
  66   4                      {
  67   5                      case INSTRUCTION_GET_ALL_STATUS: // è·å–æ‰€æœ‰åŠŸèƒ½çš„çŠ¶æ€
  68   5                          flag_get_all_status = 1;
  69   5                          break;
  70   5      
  71   5      #if 0  // ä¸å¯¹MP5å‘é€çš„è¿™äº›æŒ‡ä»¤è¿›è¡Œå¤„ç†
                     // case INSTRUCTION_GET_GEAR: // è·å–æŒ¡ä½çš„çŠ¶æ€
                     //     flag_get_gear = 1;
                     //     break;
              
                              // case INSTRUCTION_GET_BATTERY: // è·å–ç”µæ± ç”µé‡çš„çŠ¶æ€
                              //     flag_get_battery = 1;
                              //     break;
              
                              // case INSTRUCTION_GET_BARKE: // è·å–åˆ¹è½¦çš„çŠ¶æ€
                              //     flag_get_brake = 1;
                              //     break;
              
                              // case INSTRUCTION_GET_LEFT_TURN: // è·å–å·¦è½¬å‘ç¯çš„çŠ¶æ€
                              //     flag_get_left_turn = 1;
                              //     break;
              
                              // case INSTRUCTION_GET_RIGHT_TURN: // è·å–å³è½¬å‘ç¯çš„çŠ¶æ€
                              //     flag_get_right_turn = 1;
                              //     break;
              
                              // case INSTRUCTION_GET_HIGH_BEAM: // è·å–è¿œå…‰ç¯çš„çŠ¶æ€
                              //     flag_get_high_beam = 1;
                              //     break;
              
                              // case INSTRUCTION_GET_ENGINE_SPEED: // è·å–å‘åŠ¨æœºè½¬é€Ÿ
                              //     flag_get_engine_speed = 1;
                              //     break;
              
                              // case INSTRUCTION_GET_SPEED: // è·å–æ—¶é€Ÿ
                              //     flag_get_speed = 1;
                              //     break;
              
                              // case INSTRUCTION_GET_FUEL: // è·å–æ²¹é‡
                              //     flag_get_fuel = 1;
                              //     break;
              
                              // case INSTRUCTION_GET_TEMP_OF_WATER: // è·å–æ°´æ¸©
                              //     flag_get_temp_of_water = 1;
                              //     break;
C51 COMPILER V9.60.7.0   INSTRUCTION                                                       08/01/2025 15:47:48 PAGE 3   

              
              
              
                              // case INSTRUCTION_GET_TOUCH_KEY_STATUS: // è·å–è§¦æ‘¸æŒ‰é”®çš„çŠ¶æ€
                              //     flag_get_touch_key_status = 1;
                              //     break;
              
                     
              
                            
              
                              // case INSTRUCTION_GET_BATTERY_VAL: // è·å–ç”µæ± ç”µå‹
                              //     flag_get_voltage_of_battery = 1;
                              //     break;
              
                              // case INSTRUCTION_SET_TEMP_OF_WATER_WARNING: // è®¾ç½®æ°´æ¸©æŠ¥è­¦
                              //     flag_set_temp_of_water_warning = 1;
              
                              //     break;
              #endif // ä¸å¯¹MP5å‘é€çš„è¿™äº›æŒ‡ä»¤è¿›è¡Œå¤„ç†
 131   5      
 132   5      #if 0 // ä¿®æ”¹æ—¥æœŸ
                              case INSTRUCTION_ALTER_DATE: // ä¿®æ”¹æ—¥æœŸ
                                  flag_alter_date = 1;
                                  fun_info.aip1302_saveinfo.year = (u16)uart0_recv_buf[i][3] +
                                                                   (u16)uart0_recv_buf[i][4];
                                  fun_info.aip1302_saveinfo.month = uart0_recv_buf[i][5];
                                  fun_info.aip1302_saveinfo.day = uart0_recv_buf[i][6];
              
              #if USE_MY_DEBUG
              #if 1 // æ‰“å°ä¸²å£ç¼“å†²åŒºçš„æ•°æ®
              
                                  {
                                      u8 i = 0;
                                      u8 j = 0;
                                      for (i = 0; i < (UART0_RXBUF_LEN) / (FRAME_MAX_LEN); i++)
                                      {
                                          printf("buff_index %bu ", i);
                                          for (j = 0; j < FRAME_MAX_LEN; j++)
                                          {
                                              printf("%bx ", uart0_recv_buf[i][j]);
                                          }
                                          printf("\n");
                                      }
                                  }
              
              #endif // æ‰“å°ä¸²å£ç¼“å†²åŒºçš„æ•°æ®
              #endif
              
                                  break;
              #endif // ä¿®æ”¹æ—¥æœŸ
 162   5      
 163   5                      case INSTRUCTION_GET_TOTAL_MILEAGE: // è·å–å¤§è®¡é‡Œç¨‹
 164   5                          flag_get_total_mileage = 1;
 165   5                          break;
 166   5      
 167   5                      case INSTRUCTION_GET_SUBTOTAL_MILEAGE: // è·å–å°è®¡é‡Œç¨‹
 168   5                          flag_get_sub_total_mileage = 1;
 169   5                          break;
 170   5      
 171   5                      case INSTRUCTION_GET_SUBTOTAL_MILEAGE_2: // è·å–å°è®¡é‡Œç¨‹2
 172   5                          flag_get_sub_total_mileage_2 = 1;
C51 COMPILER V9.60.7.0   INSTRUCTION                                                       08/01/2025 15:47:48 PAGE 4   

 173   5                          break;
 174   5      
 175   5                      case INSTRUCTION_ALTER_TIME: // ä¿®æ”¹æ—¶é—´
 176   5                          flag_alter_time = 1;
 177   5      
 178   5                          fun_info.aip1302_saveinfo.year = (u16)uart0_recv_buf[i][3] +
 179   5                                                           (u16)uart0_recv_buf[i][4];
 180   5                          fun_info.aip1302_saveinfo.month = uart0_recv_buf[i][5];
 181   5                          fun_info.aip1302_saveinfo.day = uart0_recv_buf[i][6];
 182   5      
 183   5                          fun_info.aip1302_saveinfo.time_hour = uart0_recv_buf[i][7];
 184   5                          fun_info.aip1302_saveinfo.time_min = uart0_recv_buf[i][8];
 185   5                          fun_info.aip1302_saveinfo.time_sec = uart0_recv_buf[i][9];
 186   5      
 187   5      #if USE_MY_DEBUG
              #if 0 // æ‰“å°ä¸²å£ç¼“å†²åŒºçš„æ•°æ®
              
                                  {
                                      u8 i = 0;
                                      u8 j = 0;
                                      for (i = 0; i < (UART0_RXBUF_LEN) / (FRAME_MAX_LEN); i++)
                                      {
                                          printf("buff_index %bu ", i);
                                          for (j = 0; j < FRAME_MAX_LEN; j++)
                                          {
                                              printf("%bx ", uart0_recv_buf[i][j]);
                                          }
                                          printf("\n");
                                      }
                                  }
              
              #endif // æ‰“å°ä¸²å£ç¼“å†²åŒºçš„æ•°æ®
              #endif
 206   5      
 207   5                          break;
 208   5      
 209   5                      case INSTRUCTION_CLEAR_TOTAL_MILEAGE: // æ¸…é™¤å¤§è®¡é‡Œç¨‹
 210   5                          flag_clear_total_mileage = 1;
 211   5                          break;
 212   5      
 213   5                      case INSTRUCTION_CLEAR_SUBTOTAL_MILEAGE: // æ¸…é™¤å°è®¡é‡Œç¨‹
 214   5                          flag_clear_sub_total_mileage = 1;
 215   5                          // printf("clear\n");
 216   5                          break;
 217   5      
 218   5                      case INSTRUCTION_CLEAR_SUBTOTAL_MILEAGE_2: // æ¸…é™¤å°è®¡é‡Œç¨‹2
 219   5                          flag_clear_sub_total_mileage_2 = 1;
 220   5                          break;
 221   5                      }
 222   4      
 223   4                      if (recv_frame_cnt > 0) //
 224   4                      {
 225   5                          recv_frame_cnt--; // ä»ä¸²å£æ¥æ”¶çš„æ•°æ®å¸§æ•°ç›®å‡ä¸€ï¼Œè¡¨ç¤ºæŒ‡ä»¤å·²ç»ä»ç¼
             -“å†²åŒºå–å‡º
 226   5                      }
 227   4      
 228   4                      flagbuf_valid_instruction[i] = 0; // æ¸…ç©ºç¼“å†²åŒºå¯¹åº”çš„å…ƒç´ ï¼Œè¡¨ç¤ºè¯¥ä¸‹æ ‡çš„æŒ
             -‡ä»¤å·²ç»å¤„ç†
 229   4                      uart0_recv_len[i] = 0;
 230   4                      recved_flagbuf[i] = 0;
 231   4                      memset(uart0_recv_buf[i], 0, FRAME_MAX_LEN); // æ¸…ç©ºç¼“å†²åŒºå¯¹åº”çš„å…ƒç´ 
 232   4                  } // if (4 == uart0_recv_buf[i][1])
C51 COMPILER V9.60.7.0   INSTRUCTION                                                       08/01/2025 15:47:48 PAGE 5   

 233   3              }
 234   2          }
 235   1      }
 236          
 237          void instruction_handle(void)
 238          {
 239   1          if (flag_get_all_status)
 240   1          {
 241   2              // å¦‚æœè¦è·å–æ‰€æœ‰åŠŸèƒ½çš„çŠ¶æ€
 242   2              // u32 temp_val = 0;        // ä¸´æ—¶å˜é‡(åœ¨å‘é€æ—¥æœŸå’Œæ—¶é—´ä½¿ç”¨åˆ°)
 243   2              flag_get_all_status = 0; // æ¸…é™¤æ ‡å¿—ä½
 244   2      
 245   2      #if USE_MY_DEBUG
                      // printf(" flag_get_all_status\n");
              #endif
 248   2      
 249   2              if (synchronous_request_status == SYN_REQUEST_STATUS_NONE)
 250   2              {
 251   3                  // printf("handle get_all_status\n");// æµ‹è¯•é€šè¿‡ï¼Œæ¯æ¬¡æ”¶åˆ°åŒæ­¥è¯·æ±‚ï¼Œéƒ½ä¼šç­‰å¾…
             -å†·å´åï¼Œæ‰å¤„ç†ä¸‹ä¸€æ¬¡åŒæ­¥è¯·æ±‚
 252   3                  synchronous_request_status = SYN_REQUEST_STATUS_HANDLING;
 253   3                  // è·å–æ‰€æœ‰åŠŸèƒ½çš„çŠ¶æ€ï¼Œéœ€è¦æŠŠè¿™äº›åŠŸèƒ½å¯¹åº”çš„çŠ¶æ€éƒ½å‘é€å‡ºå»
 254   3                  send_data(SEND_GEAR, fun_info.gear);                  // 1. å‘é€å½“å‰æŒ¡ä½çš„çŠ¶æ€
 255   3                  send_data(SEND_BATTERY, fun_info.battery);            // 2. å‘é€ç”µæ± ç”µé‡
 256   3                  send_data(SEND_BARKE, fun_info.brake);                // 3. å‘é€å½“å‰åˆ¹è½¦çš„çŠ¶æ€
 257   3                  send_data(SEND_LEFT_TURN, fun_info.left_turn);        // 4. å‘é€å½“å‰å·¦è½¬å‘ç¯çš„çŠ¶æ€
 258   3                  send_data(SEND_RIGHT_TURN, fun_info.right_turn);      // 5. å‘é€å½“å‰å³è½¬å‘ç¯çš„çŠ¶æ€
 259   3                  send_data(SEND_HIGH_BEAM, fun_info.high_beam);        // 6. å‘é€å½“å‰è¿œå…‰ç¯çš„çŠ¶æ€
 260   3                  send_data(SEND_ENGINE_SPEED, fun_info.engine_speeed); // 7. å‘é€å‘åŠ¨æœºè½¬é€Ÿ
 261   3                  send_data(SEND_SPEED, fun_info.speed);                // 8. å‘é€å½“å‰é‡‡é›†åˆ°çš„è½¦é€Ÿï¼ˆæ
             -—¶é€Ÿï¼‰
 262   3                  send_data(SEND_FUEL, fun_info.fuel);                  // 9. å‘é€å½“å‰æ²¹é‡(å•ä½ï¼šç™¾åˆ†
             -æ¯”)
 263   3      
 264   3                  // send_data(SEND_WATER_TEMP, fun_info.temp_of_water);                          // 10. å‘é€å
             -½“å‰é‡‡é›†çš„æ°´æ¸©
 265   3      
 266   3      #ifdef USE_INTERNATIONAL // å…¬åˆ¶å•ä½
 267   3      
 268   3                  send_data(SEND_TOTAL_MILEAGE, fun_info.save_info.total_mileage / 1000);      // 11. å‘é€å¤§è
             -®¡é‡Œç¨‹ï¼ˆåªå‘é€åƒç±³åŠä»¥ä¸Šçš„æ•°æ®ï¼‰
 269   3                  send_data(SEND_SUBTOTAL_MILEAGE, fun_info.save_info.subtotal_mileage / 100); // 12. å‘é€å°è
             -®¡é‡Œç¨‹(åªå‘é€ç™¾ç±³åŠä»¥ä¸Šçš„æ•°æ®)
 270   3      
 271   3      #endif // USE_INTERNATIONAL å…¬åˆ¶å•ä½
 272   3      
 273   3      #ifdef USE_IMPERIAL // è‹±åˆ¶å•ä½
              
                          send_data(SEND_TOTAL_MILEAGE, fun_info.save_info.total_mileage / 1610);      // 11. å‘é€å¤§è
             -®¡é‡Œç¨‹ï¼ˆåªå‘é€1è‹±é‡ŒåŠä»¥ä¸Šçš„æ•°æ®ï¼‰
                          send_data(SEND_SUBTOTAL_MILEAGE, fun_info.save_info.subtotal_mileage / 161); // 12. å‘é€å°è
             -®¡é‡Œç¨‹(åªå‘é€0.1è‹±é‡ŒåŠä»¥ä¸Šçš„æ•°æ®)
              
              #endif // USE_IMPERIAL è‹±åˆ¶å•ä½
 279   3      
 280   3                  // 13. å‘é€è§¦æ‘¸æŒ‰é”®çš„çŠ¶æ€
 281   3                  // send_data(SEND_TOUCH_KEY_STATUS, fun_info.touch_key_val);
 282   3                  aip1302_read_all(); // å…ˆä»aip1302æ—¶é’Ÿicè·å–æ‰€æœ‰å…³äºæ—¶é—´çš„ä¿¡æ¯ï¼Œå†å‘é€
 283   3                  // 14. å‘é€å½“å‰æ—¥æœŸ
 284   3                  //     temp_val = ((u32)fun_info.aip1302_saveinfo.year << 16) |
 285   3                  //                ((u32)fun_info.aip1302_saveinfo.month << 8) |
 286   3                  //                fun_info.aip1302_saveinfo.day;
C51 COMPILER V9.60.7.0   INSTRUCTION                                                       08/01/2025 15:47:48 PAGE 6   

 287   3                  //     send_data(SEND_DATE, temp_val);
 288   3                  // 15. å‘é€å½“å‰æ—¶é—´
 289   3                  //     temp_val = ((u32)fun_info.aip1302_saveinfo.time_hour << 16) |
 290   3                  //                ((u32)fun_info.aip1302_saveinfo.time_min << 8) |
 291   3                  //                fun_info.aip1302_saveinfo.time_sec;
 292   3                  //     send_data(SEND_TIME, temp_val);
 293   3                  send_data(SEND_TIME, 0); // ç¬¬äºŒä¸ªå‚æ•°æ— æ•ˆ
 294   3                  // 16. å‘é€å½“å‰çš„ç”µæ± ç”µå‹
 295   3                  send_data(SEND_VOLTAGE_OF_BATTERY, fun_info.voltage_of_battery);
 296   3      
 297   3      #if TEMP_OF_WATER_SCAN_ENABLE
                          // 17. å‘é€å½“å‰çš„æ°´æ¸©æŠ¥è­¦çŠ¶æ€
                          send_data(SEND_TEMP_OF_WATER_ALERT, fun_info.flag_is_in_water_temp_warning);
              #endif
 301   3      
 302   3      #ifdef USE_INTERNATIONAL // å…¬åˆ¶å•ä½
 303   3      
 304   3                  send_data(SEND_SUBTOTAL_MILEAGE_2, fun_info.save_info.subtotal_mileage_2 / 100); // å‘é€å°è
             -®¡é‡Œç¨‹2(åªå‘é€ç™¾ç±³åŠä»¥ä¸Šçš„æ•°æ®)
 305   3      
 306   3      #endif // å…¬åˆ¶å•ä½
 307   3      
 308   3      #ifdef USE_IMPERIAL // è‹±åˆ¶å•ä½
              
                          send_data(SEND_SUBTOTAL_MILEAGE_2, fun_info.save_info.subtotal_mileage_2 / 161); // å‘é€å°è
             -®¡é‡Œç¨‹2(åªå‘é€0.1è‹±é‡ŒåŠä»¥ä¸Šçš„æ•°æ®)
              
              #endif // USE_IMPERIAL è‹±åˆ¶å•ä½
 313   3              }
 314   2          }
 315   1      
 316   1          if (flag_get_gear) // å¦‚æœè¦è·å–æŒ¡ä½çš„çŠ¶æ€
 317   1          {
 318   2              flag_get_gear = 0; //
 319   2      
 320   2      #if USE_MY_DEBUG
                      // printf(" flag_get_gear\n");
              #endif
 323   2      
 324   2              send_data(SEND_GEAR, fun_info.gear); // å‘é€å½“å‰æŒ¡ä½çš„çŠ¶æ€
 325   2                                                   // printf("cur gear %u\n", fun_info.gear);
 326   2          } //  if (flag_get_gear) // å¦‚æœè¦è·å–æŒ¡ä½çš„çŠ¶æ€
 327   1      
 328   1          if (flag_get_battery)
 329   1          {
 330   2              // å¦‚æœè¦è·å–ç”µæ± ç”µé‡çš„çŠ¶æ€
 331   2              flag_get_battery = 0;
 332   2      #if USE_MY_DEBUG
                      // printf(" flag_get_battery\n");
              #endif
 335   2      
 336   2              send_data(SEND_BATTERY, fun_info.battery); // å‘é€ç”µæ± ç”µé‡
 337   2          }
 338   1      
 339   1      #if 0 // å‘é€åˆ¹è½¦çš„çŠ¶æ€
                  if (flag_get_brake)
                  {
                      // å¦‚æœè¦è·å–è·å–åˆ¹è½¦çš„çŠ¶æ€
                      flag_get_brake = 0;
              
              #if USE_MY_DEBUG
                      // printf(" flag_get_brake\n");
C51 COMPILER V9.60.7.0   INSTRUCTION                                                       08/01/2025 15:47:48 PAGE 7   

              #endif
              
                      send_data(SEND_BARKE, fun_info.brake); // å‘é€å½“å‰åˆ¹è½¦çš„çŠ¶æ€
                  }
              #endif // å‘é€åˆ¹è½¦çš„çŠ¶æ€
 352   1      
 353   1          if (flag_get_left_turn) // å¦‚æœè¦è·å–å·¦è½¬å‘ç¯çš„çŠ¶æ€
 354   1          {
 355   2              flag_get_left_turn = 0;
 356   2      
 357   2      #if USE_MY_DEBUG
                      // printf(" flag_get_left_turn\n");
              #endif
 360   2      
 361   2              send_data(SEND_LEFT_TURN, fun_info.left_turn); // å‘é€å½“å‰å·¦è½¬å‘ç¯çš„çŠ¶æ€
 362   2          } // if (flag_get_left_turn) // å¦‚æœè¦è·å–å·¦è½¬å‘ç¯çš„çŠ¶æ€
 363   1      
 364   1          if (flag_get_right_turn)
 365   1          {
 366   2              // å¦‚æœè¦è·å–å³è½¬å‘ç¯çš„çŠ¶æ€
 367   2              flag_get_right_turn = 0;
 368   2      #if USE_MY_DEBUG
                      // printf(" flag_get_right_turn\n");
              #endif
 371   2              send_data(SEND_RIGHT_TURN, fun_info.right_turn); // å‘é€å½“å‰å³è½¬å‘ç¯çš„çŠ¶æ€
 372   2          }
 373   1      
 374   1          if (flag_get_high_beam)
 375   1          {
 376   2              // å¦‚æœè¦è·å–è¿œå…‰ç¯çš„çŠ¶æ€
 377   2              flag_get_high_beam = 0;
 378   2      #if USE_MY_DEBUG
                      // printf(" flag_get_high_beam\n");
              #endif
 381   2              send_data(SEND_HIGH_BEAM, fun_info.high_beam); // å‘é€å½“å‰è¿œå…‰ç¯çš„çŠ¶æ€
 382   2          }
 383   1      
 384   1          if (flag_get_engine_speed)
 385   1          {
 386   2              // å¦‚æœè¦è·å–å‘åŠ¨æœºçš„è½¬é€Ÿ
 387   2              flag_get_engine_speed = 0;
 388   2      #if USE_MY_DEBUG
                      // printf(" flag_get_engine_speed \n");
                      // printf(" cur engine speed %u rpm ", (u16)fun_info.engine_speeed);
              #endif
 392   2              send_data(SEND_ENGINE_SPEED, fun_info.engine_speeed); //
 393   2          }
 394   1      
 395   1          if (flag_get_speed)
 396   1          {
 397   2              // å¦‚æœè¦è·å–æ—¶é€Ÿ
 398   2              flag_get_speed = 0;
 399   2      #if USE_MY_DEBUG
                      // printf(" flag_get_speed \n");
              #endif
 402   2      
 403   2      #ifdef USE_INTERNATIONAL // ä½¿ç”¨å…¬åˆ¶å•ä½
 404   2      
 405   2              send_data(SEND_SPEED, fun_info.speed); // å‘é€å½“å‰é‡‡é›†åˆ°çš„è½¦é€Ÿï¼ˆæ—¶é€Ÿï¼‰
 406   2                                                     // printf("cur speed %lu km/h\n", fun_info.speed);
 407   2      #endif                                         // USE_INTERNATIONAL ä½¿ç”¨å…¬åˆ¶å•ä½
 408   2      
C51 COMPILER V9.60.7.0   INSTRUCTION                                                       08/01/2025 15:47:48 PAGE 8   

 409   2      #ifdef USE_IMPERIAL // ä½¿ç”¨è‹±åˆ¶å•ä½
              
                      // 1km/h == 0.621427mile/h
                      send_data(SEND_SPEED, fun_info.speed * 621 / 1000);
              
              #endif
 415   2          }
 416   1      
 417   1          if (flag_get_fuel)
 418   1          {
 419   2              // å¦‚æœè¦è·å–æ²¹é‡
 420   2              flag_get_fuel = 0;
 421   2      
 422   2      #if USE_MY_DEBUG
                      // printf(" flag_get_fuel \n");
              #endif 
 425   2      
 426   2              send_data(SEND_FUEL, fun_info.fuel);
 427   2          }
 428   1      
 429   1          // ä¸ç”¨å‘é€æ°´æ¸©ï¼Œæ”¹ä¸ºå‘é€æ°´æ¸©æŠ¥è­¦
 430   1          //     if (flag_get_temp_of_water)
 431   1          //     {
 432   1          //         // å¦‚æœè¦è·å–æ°´æ¸©
 433   1          //         flag_get_temp_of_water = 0;
 434   1          // #if USE_MY_DEBUG
 435   1          //         printf(" flag_get_temp_of_water \n");
 436   1          // #endif
 437   1          //         send_data(SEND_WATER_TEMP, fun_info.temp_of_water);
 438   1          //     }
 439   1      
 440   1          if (flag_update_malfunction_status) // æ›´æ–°æ•…éšœçš„çŠ¶æ€
 441   1          {
 442   2              flag_update_malfunction_status = 0;
 443   2              send_data(SEND_MALFUNCTION_STATUS, fun_info.flag_is_detect_malfunction);
 444   2      
 445   2              // æ²¡æœ‰å¼•è„šæ£€æµ‹ABSï¼Œé‚£ä¹ˆæ£€æµ‹åˆ°æ•…éšœä¹‹åï¼Œä¹Ÿå‘é€ABSçš„çŠ¶æ€
 446   2              send_data(SEND_ABS_STATUS, fun_info.flag_is_detect_abs);
 447   2          }
 448   1      
 449   1          if (flag_get_total_mileage) // å¦‚æœè¦è·å–å¤§è®¡é‡Œç¨‹ / å¾—åˆ°äº†å¤§è®¡é‡Œç¨‹æ–°çš„æ•°æ®
 450   1          {
 451   2              flag_get_total_mileage = 0;
 452   2      #if USE_MY_DEBUG
                      // printf(" flag_get_total_mileage \n");
                      // printf(" cur total mileage %lu m \n", (u32)fun_info.save_info.total_mileage);
              #endif
 456   2      
 457   2      #ifdef USE_INTERNATIONAL // å…¬åˆ¶å•ä½
 458   2      
 459   2              // åªå‘é€åƒç±³åŠä»¥ä¸Šçš„æ•°æ®
 460   2              send_data(SEND_TOTAL_MILEAGE, (fun_info.save_info.total_mileage / 1000));
 461   2      
 462   2      #endif // USE_INTERNATIONAL å…¬åˆ¶å•ä½
 463   2      
 464   2      #ifdef USE_IMPERIAL // è‹±åˆ¶å•ä½
              
              #if USE_MY_DEBUG
                      // printf(" flag_get_total_mileage \n");
                      // printf(" cur total mileage %lu mile \n", (u32)fun_info.save_info.total_mileage / 1610); // 1km 
             -== 0.621427mile
              #endif // USE_MY_DEBUG
C51 COMPILER V9.60.7.0   INSTRUCTION                                                       08/01/2025 15:47:48 PAGE 9   

              
                      // åªå‘é€1è‹±é‡ŒåŠä»¥ä¸Šçš„æ•°æ®
                      send_data(SEND_TOTAL_MILEAGE, fun_info.save_info.total_mileage / 1610); // 1km == 0.621427mile
              
              #endif // USE_IMPERIAL è‹±åˆ¶å•ä½
 475   2          } // if (flag_get_total_mileage) // å¦‚æœè¦è·å–å¤§è®¡é‡Œç¨‹ / å¾—åˆ°äº†å¤§è®¡é‡Œç¨‹æ–°çš„æ•°æ®
 476   1      
 477   1          if (flag_get_sub_total_mileage) // å¦‚æœè¦è·å–å°è®¡é‡Œç¨‹ / å¾—åˆ°äº†å°è®¡é‡Œç¨‹æ–°çš„æ•°æ®
 478   1          {
 479   2      
 480   2              flag_get_sub_total_mileage = 0;
 481   2              // printf(" cur subtotal mileage %lu m \n", (u32)fun_info.save_info.subtotal_mileage);
 482   2      #if USE_MY_DEBUG
                      // printf(" flag_get_sub_total_mileage \n");
                      // printf(" cur subtotal mileage %lu m \n", (u32)fun_info.save_info.subtotal_mileage);
              #endif // USE_MY_DEBUG
 486   2      
 487   2      #ifdef USE_INTERNATIONAL // å…¬åˆ¶å•ä½
 488   2              // åªå‘é€ç™¾ç±³åŠä»¥ä¸Šçš„æ•°æ®
 489   2              send_data(SEND_SUBTOTAL_MILEAGE, fun_info.save_info.subtotal_mileage / 100);
 490   2      #endif // USE_INTERNATIONAL å…¬åˆ¶å•ä½
 491   2      
 492   2      #ifdef USE_IMPERIAL // è‹±åˆ¶å•ä½
              
              #if USE_MY_DEBUG
                      printf("sub total mileage: %lu * 0.1 mile \n", fun_info.save_info.subtotal_mileage / 161);
              #endif // USE_MY_DEBUG
                     // åªå‘é€0.1è‹±é‡ŒåŠä»¥ä¸Šçš„æ•°æ®
                     // å˜é‡ä¸­å­˜æ”¾çš„æ˜¯ä»¥mä¸ºå•ä½çš„æ•°æ®ï¼Œéœ€è¦åšè½¬æ¢å†å‘é€
                     // 1km == 0.621427mileï¼Œ1km == 6.21427 * 0.1 mile
                      send_data(SEND_SUBTOTAL_MILEAGE, fun_info.save_info.subtotal_mileage / 161);
              
              #endif // USE_IMPERIAL è‹±åˆ¶å•ä½
 503   2          } //     if (flag_get_sub_total_mileage) // å¦‚æœè¦è·å–å°è®¡é‡Œç¨‹ / å¾—åˆ°äº†å°è®¡é‡Œç¨‹æ–°çš„æ
             -•°æ®
 504   1      
 505   1          if (flag_get_sub_total_mileage_2) // // å¦‚æœè¦è·å–å°è®¡é‡Œç¨‹2 / å¾—åˆ°äº†å°è®¡é‡Œç¨‹2æ–°çš„æ•°
             -æ®
 506   1          {
 507   2              flag_get_sub_total_mileage_2 = 0;
 508   2              // åªå‘é€ç™¾ç±³åŠä»¥ä¸Šçš„æ•°æ®
 509   2              send_data(SEND_SUBTOTAL_MILEAGE_2, fun_info.save_info.subtotal_mileage_2 / 100);
 510   2          } // if (flag_get_sub_total_mileage_2) // // å¦‚æœè¦è·å–å°è®¡é‡Œç¨‹2 / å¾—åˆ°äº†å°è®¡é‡Œç¨‹2æ–°ç
             -š„æ•°æ®
 511   1      
 512   1      #if 0 // ä¿®æ”¹æ—¥æœŸ
                  if (flag_alter_date)
                  {
                      // å¦‚æœè¦ä¿®æ”¹æ—¥æœŸ
                      flag_alter_date = 0;
              #if USE_MY_DEBUG
                      printf(" flag_alter_date \n");
                      printf("year %u month %bu day %bu \n", fun_info.aip1302_saveinfo.year, fun_info.aip1302_saveinfo.m
             -onth, fun_info.aip1302_saveinfo.day);
              #endif
              
                      if (update_date_status == UPDATE_STATUS_NONE)
                      {
              #if USE_MY_DEBUG
              // printf("handle update_date \n");
              #endif
                          // å¦‚æœæ›´æ–°æ—¥æœŸçš„çŠ¶æ€å·²ç»å†·å´å®Œæ¯•ï¼Œæ›´æ–°æ—¥æœŸï¼Œå¹¶ä¸”è¿›å…¥å†·å´çŠ¶æ€ï¼Œ
C51 COMPILER V9.60.7.0   INSTRUCTION                                                       08/01/2025 15:47:48 PAGE 10  

                          // åˆ‡æ¢çŠ¶æ€ï¼Œè®©å®šæ—¶å™¨è¿›è¡Œå†·å´è®¡æ—¶
                          aip1302_update_date(fun_info.aip1302_saveinfo); // å°†æ—¥æœŸæ›´æ–°åˆ°æ—¶é’Ÿic
                          update_date_status = UPDATE_STATUS_HANDLING;
                      }
                  }
              #endif // ä¿®æ”¹æ—¥æœŸ
 534   1      
 535   1          if (flag_alter_time)
 536   1          {
 537   2              // å¦‚æœè¦ä¿®æ”¹æ—¶é—´
 538   2              flag_alter_time = 0;
 539   2      
 540   2      #if USE_MY_DEBUG
                      // printf(" flag_alter_time \n");
                      // printf("hour %bu min %bu sec %bu \n", fun_info.aip1302_saveinfo.time_hour, fun_info.aip1302_sav
             -einfo.time_min, fun_info.aip1302_saveinfo.time_sec);
              #endif
 544   2      
 545   2              if (update_time_status == UPDATE_STATUS_NONE)
 546   2              {
 547   3                  // printf("handle update_time \n");
 548   3                  // å¦‚æœæ›´æ–°æ—¶é—´çš„çŠ¶æ€å·²ç»å†·å´å®Œæ¯•ï¼Œæ›´æ–°æ—¶é—´ï¼Œå¹¶ä¸”è¿›å…¥å†·å´çŠ¶æ€ï¼Œ
 549   3                  // åˆ‡æ¢çŠ¶æ€ï¼Œè®©å®šæ—¶å™¨è¿›è¡Œå†·å´è®¡æ—¶
 550   3                  aip1302_update_time(fun_info.aip1302_saveinfo); // å°†æ—¶é—´æ›´æ–°åˆ°æ—¶é’Ÿic
 551   3                  update_time_status = UPDATE_STATUS_HANDLING;
 552   3              }
 553   2          }
 554   1      
 555   1          if (flag_get_voltage_of_battery)
 556   1          {
 557   2              // å¦‚æœè¦è·å–ç”µæ± ç”µå‹
 558   2              flag_get_voltage_of_battery = 0;
 559   2      #if USE_MY_DEBUG
                      // printf(" flag_get_voltage_of_battery \n");
                      // printf(" cur voltage of battery %u \n", (u16)fun_info.voltage_of_battery);
              #endif
 563   2              send_data(SEND_VOLTAGE_OF_BATTERY, fun_info.voltage_of_battery);
 564   2          }
 565   1      
 566   1      #if TEMP_OF_WATER_SCAN_ENABLE
                  if (flag_set_temp_of_water_warning)
                  {
                      // å¦‚æœè¦è®¾ç½®æ°´æ¸©æŠ¥è­¦
                      flag_set_temp_of_water_warning = 0;
              #if USE_MY_DEBUG
                      // printf(" flag_set_temp_of_water_warning \n");
              #endif
                      //  å‘é€å½“å‰æ°´æ¸©æŠ¥è­¦çš„çŠ¶æ€
                      send_data(SEND_TEMP_OF_WATER_ALERT, fun_info.flag_is_in_water_temp_warning);
                  }
              #endif
 578   1      
 579   1          if (flag_clear_total_mileage)
 580   1          {
 581   2              // å¦‚æœè¦æ¸…é™¤å¤§è®¡é‡Œç¨‹
 582   2              flag_clear_total_mileage = 0;
 583   2              fun_info.save_info.total_mileage = 0;
 584   2              distance = 0;    //
 585   2              fun_info_save(); // å°†ä¿¡æ¯å†™å›flash
 586   2      #if USE_MY_DEBUG
                      // printf(" flag_clear_total_mileage \n");
              #endif
C51 COMPILER V9.60.7.0   INSTRUCTION                                                       08/01/2025 15:47:48 PAGE 11  

 589   2          }
 590   1      
 591   1          if (flag_clear_sub_total_mileage)
 592   1          {
 593   2              // å¦‚æœè¦æ¸…é™¤å°è®¡é‡Œç¨‹
 594   2              flag_clear_sub_total_mileage = 0;
 595   2              fun_info.save_info.subtotal_mileage = 0;
 596   2              distance = 0;
 597   2              fun_info_save(); // å°†ä¿¡æ¯å†™å›flash
 598   2      #if USE_MY_DEBUG
                      // printf(" flag_clear_sub_total_mileage \n");
              #endif
 601   2          }
 602   1      
 603   1          if (flag_clear_sub_total_mileage_2) // å¦‚æœè¦æ¸…é™¤å°è®¡é‡Œç¨‹2
 604   1          {
 605   2              flag_clear_sub_total_mileage_2 = 0;
 606   2              fun_info.save_info.subtotal_mileage_2 = 0;
 607   2              distance = 0;
 608   2              fun_info_save(); // å°†ä¿¡æ¯å†™å›flash
 609   2          }
 610   1      }


MODULE INFORMATION:   STATIC OVERLAYABLE
   CODE SIZE        =    952    ----
   CONSTANT SIZE    =   ----    ----
   XDATA SIZE       =      6       1
   PDATA SIZE       =   ----    ----
   DATA SIZE        =   ----    ----
   IDATA SIZE       =   ----    ----
   BIT SIZE         =     20    ----
END OF MODULE INFORMATION.


C51 COMPILATION COMPLETE.  0 WARNING(S),  0 ERROR(S)
