C51 COMPILER V9.60.7.0   MY_GPIO                                                           08/02/2025 16:49:13 PAGE 1   


C51 COMPILER V9.60.7.0, COMPILATION OF MODULE MY_GPIO
OBJECT MODULE PLACED IN .\Release\Objects\my_gpio.obj
COMPILER INVOKED BY: C:\Keil_v5\C51\BIN\C51.EXE ..\..\Hardware\my_gpio.c LARGE OPTIMIZE(9,SIZE) BROWSE ORDER INTVECTOR(0
                    -X000C) INCDIR(..\..\Libraries\Include;..\..\User;..\..\User\lib;..\..\Hardware) INTERVAL(3) DEBUG OBJECTEXTEND PRINT(.\R
                    -elease\Listings\my_gpio.lst) OBJECT(.\Release\Objects\my_gpio.obj)

line level    source

   1          // GPIO配置的源文件
   2          #include "my_gpio.h"
   3          
   4          // 输出引脚初始化（测试用）
   5          // P1_1
   6          // void output_pin_init(void)
   7          // {
   8          //     P1_MD0 &= ~(GPIO_P11_MODE_SEL(0x1)); // 对应的寄存器先清零
   9          //     P1_MD0 |= GPIO_P11_MODE_SEL(0x1);    // 配置为输出模式
  10          
  11          //     FOUT_S11 = GPIO_FOUT_AF_FUNC; // 选择AF功能输出
  12          
  13          //     // 位操作
  14          //     P11 = 1;
  15          // }
  16          
  17          // /**
  18          //  * @brief P11配置为输出模式
  19          //  */
  20          // void p11_output_config(void)
  21          // {
  22          //     P1_MD0 &= ~(GPIO_P11_MODE_SEL(0x1)); // 对应的寄存器先清零
  23          //     P1_MD0 |= GPIO_P11_MODE_SEL(0x1);    // 配置为输出模式
  24          
  25          //     FOUT_S11 = GPIO_FOUT_AF_FUNC; // 选择AF功能输出
  26          
  27          //     // 位操作
  28          //     P11 = 1;
  29          // }
  30          
  31          // /**
  32          //  * @brief P12配置为输出模式
  33          //  */
  34          // void p12_output_config(void)
  35          // {
  36          //     P1_MD0 &= ~(GPIO_P12_MODE_SEL(0x1)); // 对应的寄存器先清零
  37          //     P1_MD0 |= GPIO_P12_MODE_SEL(0x1);    // 配置为输出模式
  38          
  39          //     FOUT_S12 = GPIO_FOUT_AF_FUNC; // 选择AF功能输出
  40          
  41          //     // 位操作
  42          //     P12 = 1;
  43          // }
  44          
  45          /**
  46           * @brief P01配置为输出模式
  47           *        P01在开发板是连接到了LED6的正极
  48           */
  49          // void p01_output_config(void)
  50          // {
  51          //     P0_MD0 &= ~(GPIO_P01_MODE_SEL(0x1)); // 对应的寄存器先清零
  52          //     P0_MD0 |= GPIO_P01_MODE_SEL(0x1);    // 配置为输出模式
  53          
C51 COMPILER V9.60.7.0   MY_GPIO                                                           08/02/2025 16:49:13 PAGE 2   

  54          //     FOUT_S01 = GPIO_FOUT_AF_FUNC; // 选择AF功能输出
  55          
  56          //     P0_PU |= GPIO_P01_PULL_UP(0x01); // 内部的上拉电阻
  57          //     P0_PD |= GPIO_P01_PULL_PD(0x01); // 内部的下拉电阻
  58          //     // 配置完上下拉电阻后，这个引脚就相当于浮空状态，同时能够避免一些电
             -路的干扰
  59          
  60          //     // 位操作
  61          //     P01 = 0;
  62          // }
  63          
  64          /**
  65           * @brief P03配置为输出模式
  66           */
  67          // void p03_output_config(void)
  68          // {
  69          //     P0_MD0 &= ~(GPIO_P03_MODE_SEL(0x1)); // 对应的寄存器先清零
  70          //     P0_MD0 |= GPIO_P03_MODE_SEL(0x1);    // 配置为输出模式
  71          
  72          //     FOUT_S03 = GPIO_FOUT_AF_FUNC; // 选择AF功能输出
  73          // }
  74          
  75          /**
  76           * @brief P26配置为输出模式
  77           */
  78          // void p26_output_config(void)
  79          // {
  80          //     P2_MD1 &= ~(GPIO_P26_MODE_SEL(0x1)); // 对应的寄存器先清零
  81          //     P2_MD1 |= GPIO_P26_MODE_SEL(0x1);    // 配置为输出模式
  82          
  83          //     FOUT_S26 = GPIO_FOUT_AF_FUNC; // 选择AF功能输出
  84          
  85          //     // 位操作
  86          //     P26 = 0;
  87          // }
  88          
  89          // p06配置成输入上拉模式
  90          void p06_input_config(void)
  91          {
  92   1          // 配置为输入模式
  93   1          P0_MD1 &= ~(GPIO_P06_MODE_SEL(0x3));
  94   1          // 配置为上拉
  95   1          // P0_PU |= (GPIO_P06_PULL_UP(0x1));
  96   1      }
  97          
  98          // p07配置成输入上拉模式
  99          void p07_input_config(void)
 100          {
 101   1          // 配置为输入模式
 102   1          P0_MD1 &= ~(GPIO_P07_MODE_SEL(0x3));
 103   1          // 配置为上拉
 104   1          // P0_PU |= (GPIO_P07_PULL_UP(0x1));
 105   1      }
 106          
 107          // p10配置成输入上拉模式
 108          void p10_input_config(void)
 109          {
 110   1          // 配置为输入模式
 111   1          P1_MD0 &= ~(GPIO_P10_MODE_SEL(0x3));
 112   1          // 配置为上拉
 113   1          // P1_PU |= (GPIO_P10_PULL_UP(0x1));
 114   1      }
C51 COMPILER V9.60.7.0   MY_GPIO                                                           08/02/2025 16:49:13 PAGE 3   

 115          
 116          // p13配置成输入上拉模式
 117          void p13_input_config(void)
 118          {
 119   1          // 配置为输入模式
 120   1          P1_MD0 &= ~(GPIO_P13_MODE_SEL(0x3));
 121   1          // 配置为上拉
 122   1          // P1_PU |= (GPIO_P13_PULL_UP(0x1));
 123   1      }
 124          
 125          // p14配置成输入上拉模式
 126          void p14_input_config(void)
 127          {
 128   1          // 配置为输入模式
 129   1          P1_MD1 &= ~(GPIO_P14_MODE_SEL(0x3));
 130   1          // 配置为上拉
 131   1          // P1_PU |= (GPIO_P14_PULL_UP(0x1));
 132   1      }
 133          
 134          // // p17配置成输入上拉模式
 135          // void p17_input_config(void)
 136          // {
 137          //     // 配置为输入模式
 138          //     P1_MD1 &= ~(GPIO_P17_MODE_SEL(0x3));
 139          //     // 配置为上拉
 140          //     P1_PU |= (GPIO_P17_PULL_UP(0x1));
 141          // }
 142          
 143          #if 0
              // p21配置成输入上拉模式
              void p21_input_config(void)
              {
                  // 配置为输入模式
                  P2_MD0 &= ~(GPIO_P21_MODE_SEL(0x3));
                  // 配置为上拉
                  P2_PU |= (GPIO_P21_PULL_UP(0x1));
              }
              
              // p22配置成输入上拉模式
              void p22_input_config(void)
              {
                  // 配置为输入模式
                  P2_MD0 &= ~(GPIO_P22_MODE_SEL(0x3));
                  P2_PU |= (GPIO_P22_PULL_UP(0x1)); // 上拉
              }
              
              // p23配置成输入上拉模式
              // void p23_input_config(void)
              // {
              //     // 配置为输入模式
              //     P2_MD0 &= ~(GPIO_P23_MODE_SEL(0x3));
              //     // 配置为上拉
              //     P2_PU |= (GPIO_P23_PULL_UP(0x1));
              // }
              
              // p25配置成输入上拉模式
              void p25_input_config(void)
              {
                  // 配置为输入模式
                  P2_MD1 &= ~(GPIO_P25_MODE_SEL(0x3));
                  // 配置为上拉
                  P2_PU |= (GPIO_P25_PULL_UP(0x1));
C51 COMPILER V9.60.7.0   MY_GPIO                                                           08/02/2025 16:49:13 PAGE 4   

              }
              #endif
 179          
 180          // p27配置成输入上拉模式
 181          void p27_input_config(void)
 182          {
 183   1          // 配置为输入模式
 184   1          P2_MD1 &= ~(GPIO_P27_MODE_SEL(0x3));
 185   1          // 配置为上拉
 186   1          // P2_PU |= (GPIO_P27_PULL_UP(0x1));
 187   1      }
 188          
 189          // P30配置成输入上拉模式
 190          void p30_input_config(void)
 191          {
 192   1          // 配置为输入模式
 193   1          P3_MD0 &= ~(GPIO_P30_MODE_SEL(0x3));
 194   1          // 配置为上拉
 195   1          // P3_PU |= (GPIO_P30_PULL_UP(0x1));
 196   1      }
 197          
 198          // // P31配置成输入上拉模式
 199          // void p31_input_config(void)
 200          // {
 201          //     // 配置为输入模式
 202          //     P3_MD0 &= ~(GPIO_P31_MODE_SEL(0x3));
 203          //     // 配置为上拉
 204          //     P3_PU |= (GPIO_P31_PULL_UP(0x1));
 205          // }


MODULE INFORMATION:   STATIC OVERLAYABLE
   CODE SIZE        =     49    ----
   CONSTANT SIZE    =   ----    ----
   XDATA SIZE       =   ----    ----
   PDATA SIZE       =   ----    ----
   DATA SIZE        =   ----    ----
   IDATA SIZE       =   ----    ----
   BIT SIZE         =   ----    ----
END OF MODULE INFORMATION.


C51 COMPILATION COMPLETE.  0 WARNING(S),  0 ERROR(S)
