C51 COMPILER V9.60.7.0   PIN_LEVEL_SCAN                                                    08/02/2025 16:49:15 PAGE 1   


C51 COMPILER V9.60.7.0, COMPILATION OF MODULE PIN_LEVEL_SCAN
OBJECT MODULE PLACED IN .\Release\Objects\pin_level_scan.obj
COMPILER INVOKED BY: C:\Keil_v5\C51\BIN\C51.EXE ..\..\User\pin_level_scan.c LARGE OPTIMIZE(9,SIZE) BROWSE ORDER INTVECTO
                    -R(0X000C) INCDIR(..\..\Libraries\Include;..\..\User;..\..\User\lib;..\..\Hardware) INTERVAL(3) DEBUG OBJECTEXTEND PRINT(
                    -.\Release\Listings\pin_level_scan.lst) OBJECT(.\Release\Objects\pin_level_scan.obj)

line level    source

   1          #include "pin_level_scan.h"
   2          
   3          #if PIN_LEVEL_SCAN_ENABLE
   4          
   5          u16 pin_level_scan_time_cnt = 0;
   6          
   7          void pin_level_scan_config(void)
   8          {
   9   1      #if 0
                  // p21_input_config(); // è¿œå…‰ç¯çŠ¶æ€å¯¹åº”çš„å¼•è„š
                  // é…ç½®ä¸ºè¾“å…¥æ¨¡å¼
                  P2_MD0 &= ~(GPIO_P21_MODE_SEL(0x3));
                  // é…ç½®ä¸ºä¸Šæ‹‰
                  P2_PU |= (GPIO_P21_PULL_UP(0x1));
              
                  // p22_input_config(); // å³è½¬å‘ç¯çŠ¶æ€å¯¹åº”çš„å¼•è„š
                  // é…ç½®ä¸ºè¾“å…¥æ¨¡å¼
                  P2_MD0 &= ~(GPIO_P22_MODE_SEL(0x3));
                  P2_PU |= (GPIO_P22_PULL_UP(0x1)); // ä¸Šæ‹‰
              
                  // p23_input_config(); // åˆ¹è½¦çŠ¶æ€å¯¹åº”çš„å¼•è„š
                  p25_input_config(); // å·¦è½¬å‘ç¯çŠ¶æ€å¯¹åº”çš„å¼•è„š
                  // é…ç½®ä¸ºè¾“å…¥æ¨¡å¼
                  P2_MD1 &= ~(GPIO_P25_MODE_SEL(0x3));
                  // é…ç½®ä¸ºä¸Šæ‹‰
                  P2_PU |= (GPIO_P25_PULL_UP(0x1));
              #endif
  28   1      
  29   1          p27_input_config(); // 6æ¡£å¯¹åº”çš„å¼•è„š
  30   1          p30_input_config(); // 5æ¡£å¯¹åº”çš„å¼•è„š
  31   1          p14_input_config(); // 4æ¡£å¯¹åº”çš„å¼•è„š
  32   1          p13_input_config(); // 3æ¡£å¯¹åº”çš„å¼•è„š
  33   1          p10_input_config(); // 2æ¡£å¯¹åº”çš„å¼•è„š
  34   1          p07_input_config(); // 1æ¡£å¯¹åº”çš„å¼•è„š
  35   1          p06_input_config(); // ç©ºæŒ¡å¯¹åº”çš„å¼•è„š
  36   1      
  37   1          // æ£€æµ‹æ•…éšœçŠ¶æ€çš„å¼•è„š:
  38   1          P2_MD0 &= ~(GPIO_P20_MODE_SEL(0x03)); // è¾“å…¥æ¨¡å¼
  39   1          P2_PU |= GPIO_P20_PULL_UP(0x01);      // ä¸Šæ‹‰
  40   1      
  41   1          // æµ‹è¯•ç”¨
  42   1          // P0_MD0 &= ~(GPIO_P02_MODE_SEL(0x03)); // è¾“å…¥æ¨¡å¼
  43   1          // P0_PU |= GPIO_P02_PULL_UP(0x01);      // ä¸Šæ‹‰
  44   1      }
  45          
  46          // å¼•è„šç”µå¹³æ‰«æï¼Œéƒ½æ˜¯ä½ç”µå¹³æœ‰æ•ˆ
  47          void pin_level_scan(void)
  48          {
  49   1          // å¦‚æœåˆ°äº†æ‰«ææ—¶é—´ï¼Œå†æ›´æ–°æŒ¡ä½ã€è½¬å‘ç¯å’Œåˆ¹è½¦çš„çŠ¶æ€
  50   1          if (pin_level_scan_time_cnt >= PIN_LEVEL_SCAN_TIME_MS)
  51   1          {
  52   2              pin_level_scan_time_cnt = 0;
  53   2      
C51 COMPILER V9.60.7.0   PIN_LEVEL_SCAN                                                    08/02/2025 16:49:15 PAGE 2   

  54   2      #if 0  // åˆ¹è½¦æ£€æµ‹
                     // if (PIN_DETECT_BRAKE)
                     // {
                     //     // å¦‚æœæ²¡æœ‰åˆ¹è½¦
                     //     fun_info.brake = OFF;
                     // }
                     // else
                     // {
                     //     // å¦‚æœæœ‰åˆ¹è½¦
                     //     fun_info.brake = ON;
                     // }
              
                      // flag_get_brake = 1;
              #endif // åˆ¹è½¦æ£€æµ‹
  68   2      
  69   2      #if 0
                      if (PIN_DETECT_LEFT_TURN)
                      {
                          // å¦‚æœå·¦è½¬å‘ç¯æœªå¼€å¯
                          fun_info.left_turn = OFF;
                      }
                      else
                      {
                          // å¦‚æœå·¦è½¬å‘ç¯å¼€å¯
                          fun_info.left_turn = ON;
                      }
                      flag_get_left_turn = 1;
              
                      if (PIN_DETECT_RIGHT_TURN)
                      {
                          // å¦‚æœå³è½¬å‘ç¯æœªå¼€å¯
                          fun_info.right_turn = OFF;
                      }
                      else
                      {
                          // å¦‚æœå³è½¬å‘ç¯å¼€å¯
                          fun_info.right_turn = ON;
                      }
                      flag_get_right_turn = 1;
              
                      if (PIN_DETECT_HIGH_BEAM)
                      {
                          // å¦‚æœè¿œå…‰ç¯æœªå¼€å¯
                          fun_info.high_beam = OFF;
                      }
                      else
                      {
                          // å¦‚æœè¿œå…‰ç¯å¼€å¯
                          fun_info.high_beam = ON;
                      }
                      flag_get_high_beam = 1;
              #endif
 106   2      
 107   2              // ä»¥æœ€ä½æŒ¡ä½ä¼˜å…ˆï¼Œå½“æœ€ä½æ¡£æœ‰ä¿¡å·æ—¶ï¼Œä¸ç®¡å…¶ä»–æŒ¡ä½çš„ä¿¡å·ï¼Œç›´æ¥ä»¥æœ€ä½
             -æ¡£çš„ä¸ºä¸»
 108   2              if (0 == PIN_DETECT_NEUTRAL_GEAR)
 109   2              {
 110   3                  // ç©ºæŒ¡
 111   3                  fun_info.gear = GEAR_NEUTRAL;
 112   3              }
 113   2              else if (0 == PIN_DETECT_FIRST_GEAR)
 114   2              {
C51 COMPILER V9.60.7.0   PIN_LEVEL_SCAN                                                    08/02/2025 16:49:15 PAGE 3   

 115   3                  // ä¸€æ¡£
 116   3                  fun_info.gear = GEAR_FIRST;
 117   3              }
 118   2              else if (0 == PIN_DETECT_SECOND_GEAR)
 119   2              {
 120   3                  // äºŒæ¡£
 121   3                  fun_info.gear = GEAR_SECOND;
 122   3              }
 123   2              else if (0 == PIN_DETECT_THIRD_GEAR)
 124   2              {
 125   3                  // ä¸‰æ¡£
 126   3                  fun_info.gear = GEAR_THIRD;
 127   3              }
 128   2              else if (0 == PIN_DETECT_FOURTH_GEAR)
 129   2              {
 130   3                  // å››æ¡£
 131   3                  fun_info.gear = GEAR_FOURTH;
 132   3              }
 133   2              else if (0 == PIN_DETECT_FIFTH_GEAR)
 134   2              {
 135   3                  // äº”æ¡£
 136   3                  fun_info.gear = GEAR_FIFTH;
 137   3              }
 138   2              else if (0 == PIN_DETECT_XIXTH_GEAR)
 139   2              {
 140   3                  // å…­æ¡£
 141   3                  fun_info.gear = GEAR_SIXTH;
 142   3              }
 143   2      
 144   2              // printf("cur gear %bu\n", fun_info.gear);
 145   2              flag_get_gear = 1;
 146   2      
 147   2              if (0 == PIN_DETECT_MALFUNCTION)
 148   2              {
 149   3                  // å¦‚æœæ£€æµ‹åˆ°äº†æ•…éšœ
 150   3                  fun_info.flag_is_detect_malfunction = 1;
 151   3      
 152   3                  // æ²¡æœ‰å¼•è„šæ£€æµ‹absçš„çŠ¶æ€ï¼Œè¿™é‡Œæ£€æµ‹åˆ°æ•…éšœåï¼Œä¹Ÿé¡ºä¾¿è®¾ç½®absçš„çŠ¶æ€
 153   3                  fun_info.flag_is_detect_abs = 1;
 154   3              }
 155   2              else
 156   2              {
 157   3                  // å¦‚æœæœªæ£€æµ‹åˆ°æ•…éšœ
 158   3                  fun_info.flag_is_detect_malfunction = 0;
 159   3      
 160   3                  // æ²¡æœ‰å¼•è„šæ£€æµ‹absçš„çŠ¶æ€ï¼Œè¿™é‡Œæ›´æ–°æ•…éšœçš„çŠ¶æ€åï¼Œä¹Ÿé¡ºä¾¿è®¾ç½®absçš„çŠ¶æ
             -€
 161   3                  fun_info.flag_is_detect_abs = 0;
 162   3              }
 163   2      
 164   2              //   printf("cur malfunction %bu\n", fun_info.flag_is_detect_malfunction);
 165   2      
 166   2              flag_update_malfunction_status = 1;
 167   2          }
 168   1      
 169   1          // if () // ACCå¼•è„šæ£€æµ‹ï¼Œæ£€æµ‹åˆ°é«˜ç”µå¹³ï¼ŒP03ä¹Ÿè¾“å‡ºé«˜ç”µå¹³ï¼Œæ£€æµ‹åˆ°ä½ç”µå¹³ï¼Œè®©P03
             -è¾“å‡ºä½ç”µå¹³
 170   1          // if (P04)
 171   1          // {
 172   1          //     // æ£€æµ‹åˆ°ACCä¸ºé«˜ç”µå¹³,
 173   1          //     P03 = 1;
 174   1          // }
C51 COMPILER V9.60.7.0   PIN_LEVEL_SCAN                                                    08/02/2025 16:49:15 PAGE 4   

 175   1          // else
 176   1          // {
 177   1          //     P03 = 0;
 178   1          // }
 179   1      }
 180          
 181          #endif
 182          
 183          
 184          
 185          


MODULE INFORMATION:   STATIC OVERLAYABLE
   CODE SIZE        =    148    ----
   CONSTANT SIZE    =   ----    ----
   XDATA SIZE       =      2    ----
   PDATA SIZE       =   ----    ----
   DATA SIZE        =   ----    ----
   IDATA SIZE       =   ----    ----
   BIT SIZE         =   ----    ----
END OF MODULE INFORMATION.


C51 COMPILATION COMPLETE.  0 WARNING(S),  0 ERROR(S)
