C51 COMPILER V9.60.7.0   UART0                                                             07/11/2025 11:11:27 PAGE 1   


C51 COMPILER V9.60.7.0, COMPILATION OF MODULE UART0
OBJECT MODULE PLACED IN .\Release\Objects\uart0.obj
COMPILER INVOKED BY: C:\Keil_v5\C51\BIN\C51.EXE ..\..\Hardware\uart0.c LARGE OPTIMIZE(9,SIZE) BROWSE ORDER INTVECTOR(0X0
                    -00C) INCDIR(..\..\Libraries\Include;..\..\User;..\..\User\lib;..\..\Hardware) INTERVAL(3) DEBUG OBJECTEXTEND PRINT(.\Rel
                    -ease\Listings\uart0.lst) OBJECT(.\Release\Objects\uart0.obj)

line level    source

   1          #include "uart0.h"
   2          
   3          #include <string.h> // memset()
   4          
   5          // è®¾ç½®çš„æ³¢ç‰¹ç‡éœ€è¦é€‚é…å•ç‰‡æœºçš„æ—¶é’Ÿï¼Œè¿™é‡Œç›´æ¥ä½¿ç”¨äº†å®˜æ–¹çš„ä»£ç 
   6          #define USER_UART0_BAUD ((SYSCLK - UART0_BAUDRATE) / (UART0_BAUDRATE))
   7          
   8          // ç”¨æ¥å­˜æ”¾æ¥æ”¶çš„æ•°æ®å¸§çš„ç¼“å†²åŒº
   9          volatile u8 uart0_recv_buf[(UART0_RXBUF_LEN) / (FRAME_MAX_LEN)][FRAME_MAX_LEN] = {0};
  10          // ç”¨äºè®°å½•æ¥æ”¶ç¼“å†²åŒºçš„å¯¹åº”çš„æ•°æ®å¸§çš„é•¿åº¦
  11          volatile u8 uart0_recv_len[(UART0_RXBUF_LEN) / (FRAME_MAX_LEN)] = {0};
  12          // è®°å½•ç¼“å†²åŒºä¸­å¯¹åº”çš„ä½ç½®æ˜¯å¦æœ‰æ•°æ®çš„æ ‡å¿—ä½ï¼ˆæ•°ç»„ï¼‰
  13          // ä¾‹å¦‚ï¼Œç¼“å†²åŒºä¸‹æ ‡0çš„ä½ç½®æœ‰æŒ‡ä»¤ï¼Œæ ‡å¿—ä½æ•°ç»„ä¸‹æ ‡0çš„å…ƒç´ å€¼ä¸º1ï¼Œæ²¡æœ‰æŒ‡ä»¤ï¼Œå
             -…ƒç´ çš„å€¼ä¸º0
  14          volatile u8 recved_flagbuf[(UART0_RXBUF_LEN) / (FRAME_MAX_LEN)] = {0};
  15          
  16          volatile u8 flagbuf_valid_instruction[(UART0_RXBUF_LEN) / (FRAME_MAX_LEN)] = {0}; // å­˜æ”¾æœ‰åˆæ³•æŒ‡ä»¤
             -çš„æ ‡å¿—ä½æ•°ç»„
  17          
  18          // ä¸²å£ä¸­æ–­æœåŠ¡å‡½æ•°ä¸­ï¼Œæ¥æ”¶ä¸€å¸§çš„æ ‡å¿—ä½ï¼Œ0--å‡†å¤‡æ¥æ”¶ä¸€å¸§çš„ç¬¬ä¸€ä¸ªå­—èŠ‚ï¼Œ1--æ
             -­£åœ¨æ¥æ”¶è¯¥å¸§çš„æ•°æ®
  19          static volatile bit flag_is_recving_data = 0;
  20          static volatile u8 frame_len = 0;    // è®°å½•ä¸²å£ä¸­æ–­æœåŠ¡å‡½æ•°ä¸­ï¼Œå½“å‰è¦æ¥æ”¶çš„æ•°æ®å¸§çš„
             -å­—èŠ‚æ•°
  21          static volatile u8 cur_recv_len = 0; // è®°å½•ä¸²å£ä¸­æ–­æœåŠ¡å‡½æ•°ä¸­ï¼Œå½“å‰å·²æ¥æ”¶çš„æ•°æ®å¸§çš„
             -å­—èŠ‚æ•°
  22          volatile u8 recv_frame_cnt = 0;      // æ¥æ”¶åˆ°çš„æ•°æ®å¸§çš„ä¸ªæ•°
  23          
  24          static volatile u32 blank_index = 0; // è®°å½•å½“å‰å­˜æ”¾æ•°æ®å¸§çš„ç¼“å†²åŒºçš„ç©ºçš„åœ°æ–¹(ç¼“å†²åŒºä¸
             -‹æ ‡)ï¼Œå‡†å¤‡å­˜æ”¾ä¸€å¸§çš„æ•°æ®
  25          
  26          #if 1 // å°†uart0ç”¨ä½œä¸²å£æ‰“å°
  27          // é‡å†™putchar()å‡½æ•°
  28          extern void uart0_sendbyte(u8 senddata); // å‡½æ•°å£°æ˜
  29          char putchar(char c)
  30          {
  31   1          uart0_sendbyte(c);
  32   1          return c;
  33   1      }
  34          #endif // å°†uart0ç”¨ä½œä¸²å£æ‰“å°
  35          
  36          // uart0åˆå§‹åŒ–
  37          // æ³¢ç‰¹ç‡ç”±å® UART0_BAUDRATE æ¥å†³å®š
  38          void uart0_config(void)
  39          {
  40   1      // P03 ä¸ºå•ç‰‡æœºTXï¼ŒP00 ä¸ºå•ç‰‡æœºRX
  41   1      #if 1
  42   1          P0_MD0 &= ~(GPIO_P03_MODE_SEL(0x03)); // æ¸…ç©ºå¯„å­˜å™¨é…ç½®
  43   1          P0_MD0 &= ~(GPIO_P00_MODE_SEL(0x03)); // æ¸…ç©ºå¯„å­˜å™¨é…ç½®
  44   1          P0_MD0 |= GPIO_P03_MODE_SEL(0x01);    // è¾“å‡ºæ¨¡å¼
  45   1          FOUT_S03 |= GPIO_FOUT_UART0_TX;       // é…ç½®P03ä¸ºUART0_TX
  46   1          FIN_S7 |= GPIO_FIN_SEL_P00;           // é…ç½®P00ä¸ºUART0_RX
  47   1      #endif
C51 COMPILER V9.60.7.0   UART0                                                             07/11/2025 11:11:27 PAGE 2   

  48   1      
  49   1          // // æ—§ç‰ˆç”µè·¯æ¿ä¸Šï¼ŒP11ä¸ºå‘é€å¼•è„šï¼ŒP12ä¸ºæ¥æ”¶å¼•è„š
  50   1          // P1_MD0 &= (~GPIO_P11_MODE_SEL(0x3) | ~GPIO_P12_MODE_SEL(0x3));
  51   1          // P1_MD0 |= GPIO_P11_MODE_SEL(0x1); // è¾“å‡ºæ¨¡å¼
  52   1          // FOUT_S11 |= GPIO_FOUT_UART0_TX;   // é…ç½®P11ä¸ºUART0_TX
  53   1          // FIN_S7 |= GPIO_FIN_SEL_P12;       // é…ç½®P12ä¸ºUART0_RX
  54   1      
  55   1      #if 0
                  // æµ‹è¯•æ—¶ï¼Œä½¿ç”¨å¼€å‘æ¿ä¸Šé¢çš„P25æ¥æ‰“å°è¾“å‡º
                  P2_MD1 &= ~(GPIO_P25_MODE_SEL(0x03)); // æ¸…ç©ºå¯„å­˜å™¨é…ç½®
                  P2_MD1 |= GPIO_P25_MODE_SEL(0x01);    // è¾“å‡ºæ¨¡å¼
                  FOUT_S25 |= GPIO_FOUT_UART0_TX;       // é…ç½®ä¸ºUART0_TX
                  // æµ‹è¯•æ—¶ï¼Œä½¿ç”¨å¼€å‘æ¿ä¸Šé¢çš„P22æ¥ä½œä¸ºæ¥æ”¶ï¼š
                  P2_MD0 &= ~(GPIO_P22_MODE_SEL(0x03)); // æ¸…ç©ºå¯„å­˜å™¨é…ç½®ï¼Œè¾“å…¥æ¨¡å¼
                  FIN_S7 |= GPIO_FIN_SEL_P22;           // é…ç½®ä¸ºUART0_RX
              #endif
  64   1      
  65   1          __EnableIRQ(UART0_IRQn); // æ‰“å¼€UARTæ¨¡å—ä¸­æ–­
  66   1          IE_EA = 1;               // æ‰“å¼€æ€»ä¸­æ–­
  67   1      
  68   1          UART0_BAUD1 = (USER_UART0_BAUD >> 8) & 0xFF; // é…ç½®æ³¢ç‰¹ç‡é«˜å…«ä½
  69   1          UART0_BAUD0 = USER_UART0_BAUD & 0xFF;        // é…ç½®æ³¢ç‰¹ç‡ä½å…«ä½
  70   1          UART0_CON0 = UART_STOP_BIT(0x0) |
  71   1                       UART_RX_IRQ_EN(0x1) |
  72   1                       UART_EN(0x1); // 8bitæ•°æ®ï¼Œ1bitåœæ­¢ä½ï¼Œä½¿èƒ½RXä¸­æ–­
  73   1      
  74   1          // memset(uart0_recv_buf, 0, sizeof(uart0_recv_buf));
  75   1      }
  76          
  77          // UART0ä¸­æ–­æœåŠ¡å‡½æ•°ï¼ˆæ¥æ”¶ä¸­æ–­ï¼‰
  78          void UART0_IRQHandler(void) interrupt UART0_IRQn
  79          {
  80   1          volatile u8 uart0_tmp_val = 0;
  81   1      
  82   1          // è¿›å…¥ä¸­æ–­è®¾ç½®IPï¼Œä¸å¯åˆ é™¤
  83   1          __IRQnIPnPush(UART0_IRQn);
  84   1          // P20 = 1; // æµ‹è¯•ä¸­æ–­æŒç»­æ—¶é—´
  85   1      
  86   1          // ---------------- ç”¨æˆ·å‡½æ•°å¤„ç† -------------------
  87   1          // RXæ¥æ”¶å®Œæˆä¸­æ–­
  88   1          if (UART0_STA & UART_RX_DONE(0x1))
  89   1          {
  90   2              // test_bit = 1;
  91   2              uart0_tmp_val = UART0_DATA; // ä¸´æ—¶å­˜æ”¾æ¥æ”¶åˆ°çš„æ•°æ®
  92   2      
  93   2              if ((0 == flag_is_recving_data && uart0_tmp_val != 0xA5) ||
  94   2                  (recv_frame_cnt >= ((UART0_RXBUF_LEN) / (FRAME_MAX_LEN))))
  95   2              {
  96   3                  // 1. å¦‚æœæ˜¯æ–°çš„ä¸€å¸§æ•°æ®ï¼Œå´ä¸æ˜¯ä»¥0xA5å¼€å¤´ï¼Œè¯´æ˜è¿™ä¸€å¸§æ•°æ®æ— æ•ˆ
  97   3                  // 2. å¦‚æœç¼“å†²åŒºå·²æ»¡ï¼Œå­˜ä¸ä¸‹æ›´å¤šçš„æ•°æ®å¸§
  98   3                  // ç›´æ¥é€€å‡ºä¸­æ–­ï¼Œä¸å¤„ç†æ•°æ®
  99   3                  tmr0_disable();
 100   3                  tmr0_cnt = 0;
 101   3                  __IRQnIPnPop(UART0_IRQn);
 102   3                  return;
 103   3              }
 104   2              // if ((0 == flag_is_recving_data && UART0_DATA == 0xA5) ||
 105   2              //     (1 == flag_is_recving_data && UART0_DATA == 0xA5))
 106   2              else if (uart0_tmp_val == FORMAT_HEAD)
 107   2              {
 108   3                  // 1. å¦‚æœæ˜¯æ–°çš„ä¸€å¸§æ•°æ®ï¼ˆä»¥æ ¼å¼å¤´0xA5å¼€å§‹ï¼‰ï¼Œæ‰“å¼€å®šæ—¶å™¨ï¼Œä¸ºè¶…æ—¶åˆ¤
             -æ–­åšå‡†å¤‡
C51 COMPILER V9.60.7.0   UART0                                                             07/11/2025 11:11:27 PAGE 3   

 109   3                  // 2. å¦‚æœæ­£åœ¨æ¥æ”¶ä¸€å¸§æ•°æ®ï¼Œå´åˆæ”¶åˆ°äº†ä¸€æ¬¡æ ¼å¼å¤´ï¼Œèˆå¼ƒä¹‹å‰æ”¶åˆ°çš„æ
             -•°æ®ï¼Œé‡æ–°æ¥æ”¶è¿™ä¸€å¸§
 110   3                  flag_is_recving_data = 1;
 111   3                  cur_recv_len = 0;
 112   3                  frame_len = 0;
 113   3                  tmr0_disable();
 114   3                  tmr0_cnt = 0;
 115   3                  tmr0_enable();
 116   3              }
 117   2      
 118   2              if (1 == cur_recv_len)
 119   2              {
 120   3                  // å¦‚æœæ¥æ”¶åˆ°ä¸€å¸§çš„ç¬¬äºŒä¸ªå­—èŠ‚çš„æ•°æ®ï¼Œè®°å½•ä¸‹è¦æ¥æ”¶çš„æ•°æ®é•¿åº¦
 121   3                  frame_len = uart0_tmp_val;
 122   3                  // test_val = frame_len;
 123   3                  // printf("frame_len %d\n", (int32)frame_len);
 124   3              }
 125   2      
 126   2              // ç¨‹åºè¿è¡Œåˆ°è¿™é‡Œï¼Œè¯´æ˜æ­£åœ¨æ¥æ”¶ä¸€ä¸ªæ•°æ®å¸§
 127   2              if (0 == recved_flagbuf[blank_index])
 128   2              {
 129   3                  // å¦‚æœç¼“å†²åŒºä¸­æœ‰å‰©ä½™ä½ç½®æ¥å­˜æ”¾ä¸€ä¸ªå¸§ï¼Œæ‰æ”¾å…¥æ•°æ®
 130   3                  uart0_recv_buf[blank_index][cur_recv_len++] = uart0_tmp_val;
 131   3                  // uart0_recv_buf[0][cur_recv_len++] = UART0_DATA; // æµ‹è¯•ç”¨
 132   3                  tmr0_cnt = 0; // æ¯æ¥æ”¶åˆ°ä¸€ä¸ªå­—èŠ‚æ•°æ®ï¼Œæ¸…ç©ºè¶…æ—¶çš„è®¡æ—¶
 133   3      
 134   3      #if 1
 135   3                  if ((frame_len != 0) &&
 136   3                      (cur_recv_len) == frame_len)
 137   3                  {
 138   4                      // å¦‚æœæ¥æ”¶å®Œäº†ä¸€å¸§æ•°æ®
 139   4                      uart0_recv_len[blank_index] = frame_len; // æ›´æ–°å½“å‰æ•°æ®å¸§çš„é•¿åº¦
 140   4                      // printf("frame_len %d\n", (int32)frame_len);
 141   4                      flag_is_recving_data = 0; // æ ‡å¿—ä½æ¸…é›¶ï¼Œå‡†å¤‡æ¥æ”¶ä¸‹ä¸€å¸§æ•°æ®
 142   4                      cur_recv_len = 0;
 143   4                      frame_len = 0;
 144   4      
 145   4                      recved_flagbuf[blank_index] = 1; // å¯¹åº”çš„æ¥æ”¶å®Œæˆæ ‡å¿—ä½ç½®ä¸€
 146   4                      recv_frame_cnt++;                // æ¥æ”¶åˆ°å®Œæ•´çš„ä¸€å¸§ï¼Œè®¡æ•°å€¼åŠ ä¸€
 147   4                      // test_bit = 1; // æµ‹è¯•ç”¨
 148   4                      blank_index++;
 149   4                      if (blank_index >= ((UART0_RXBUF_LEN) / (FRAME_MAX_LEN)))
 150   4                      {
 151   5                          blank_index = 0;
 152   5                      }
 153   4      
 154   4                      // if (recv_frame_cnt < ((UART0_RXBUF_LEN) / (FRAME_MAX_LEN)))
 155   4                      // {
 156   4                      //     // å¦‚æœæ•°ç»„ä¸­æœ‰ç©ºä½ï¼ˆæ¥æ”¶çš„æ•°æ®å¸§ä¸ªæ•° < ç¼“å†²åŒºæ€»å…±èƒ½æ¥æ”¶çš
             -„æ•°æ®å¸§ä¸ªæ•°ï¼‰
 157   4      
 158   4                      //     // åç§»åˆ°æ•°ç»„ä¸­ç©ºçš„åœ°æ–¹ï¼Œå‡†å¤‡å¡«å…¥ä¸‹ä¸€ä¸ªæ•°æ®å¸§
 159   4                      //     while (1)
 160   4                      //     {
 161   4                      //         blank_index++;
 162   4      
 163   4                      //         if (blank_index >= ((UART0_RXBUF_LEN) / (FRAME_MAX_LEN)))
 164   4                      //         {
 165   4                      //             // å¦‚æœä¸‹æ ‡è¶…å‡ºäº†ç¼“å†²åŒºèƒ½å®¹çº³çš„æŒ‡ä»¤ä¸ªæ•°
 166   4                      //             blank_index = 0;
 167   4                      //         }
 168   4      
C51 COMPILER V9.60.7.0   UART0                                                             07/11/2025 11:11:27 PAGE 4   

 169   4                      //         if (0 == recved_flagbuf[blank_index])
 170   4                      //         {
 171   4                      //             // å¦‚æœæ˜¯ç©ºçš„ä¸€å¤„ç¼“å†²åŒºï¼Œé€€å‡ºï¼Œå‡†å¤‡ç»™ä¸‹ä¸€æ¬¡æ¥æ”¶æ•°æ®
             -å¸§
 172   4                      //             break;
 173   4                      //         }
 174   4                      //     }
 175   4                      // }
 176   4      
 177   4                      {
 178   5                          tmr0_disable();
 179   5                          tmr0_cnt = 0;
 180   5                          __IRQnIPnPop(UART0_IRQn);
 181   5                          return;
 182   5                      }
 183   4                  } // if ((cur_recv_len) == frame_len)
 184   3      #endif
 185   3              } // if (0 == recved_flagbuf[blank_index])
 186   2              // else // å¦‚æœå½“å‰ç¼“å†²åŒºä¸­æ²¡æœ‰å‰©ä½™ä½ç½®æ¥å­˜æ”¾ä¸€ä¸ªå¸§ï¼Œ
 187   2              // {
 188   2              // }
 189   2      
 190   2          } // if (UART0_STA & UART_RX_DONE(0x1))
 191   1      
 192   1          // P20 = 0; // æµ‹è¯•ä¸­æ–­æŒç»­æ—¶é—´
 193   1          // é€€å‡ºä¸­æ–­è®¾ç½®IPï¼Œä¸å¯åˆ é™¤
 194   1          __IRQnIPnPop(UART0_IRQn);
 195   1      }
 196          
 197          // UART0å‘é€ä¸€ä¸ªå­—èŠ‚æ•°æ®çš„å‡½æ•°
 198          void uart0_sendbyte(u8 senddata)
 199          {
 200   1          while (!(UART0_STA & UART_TX_DONE(0x01)))
 201   1              ;
 202   1          UART0_DATA = senddata;
 203   1          while (!(UART0_STA & UART_TX_DONE(0x01))) // ç­‰å¾…è¿™æ¬¡å‘é€å®Œæˆ
 204   1              ;
 205   1      }
 206          
 207          #if 1 // void uart0_send_buff(u8 *buf, u8 len)
 208          // é€šè¿‡uart0å‘é€è‹¥å¹²æ•°æ®
 209          void uart0_send_buff(u8 *buf, u8 len)
 210          {
 211   1          u8 i = 0;
 212   1          for (; i < len; i++)
 213   1          {
 214   2              uart0_sendbyte(buf[i]);
 215   2          }
 216   1      }
 217          #endif // void uart0_send_buff(u8 *buf, u8 len)
 218          
 219          // å¯¹UART0æ¥æ”¶ç¼“å†²åŒºçš„æ•°æ®è¿›è¡ŒéªŒè¯ï¼ˆè¶…æ—¶éªŒè¯ã€é•¿åº¦éªŒè¯ã€æ ¡éªŒå’Œè®¡ç®—ï¼‰
 220          extern void __uart_buff_check(void);
 221          void uart0_scan_handle(void)
 222          {
 223   1          u8 i = 0;                                  // å¾ªç¯è®¡æ•°å€¼ï¼ˆæ³¨æ„å¾ªç¯æ¬¡æ•°è¦å¤§äºç­‰äºæ•°ç»
             -„èƒ½å­˜æ”¾çš„æŒ‡ä»¤æ•°ç›®ï¼‰
 224   1          volatile u8 checksum = 0;                  // å­˜æ”¾ä¸´æ—¶çš„æ ¡éªŒå’Œ
 225   1          volatile bit __flag_is_crc_or_len_err = 0; // æ ‡å¿—ä½ï¼Œæ ¡éªŒå’Œ / æ•°æ®é•¿åº¦ æ˜¯å¦é”™è¯¯,0--æœª
             -å‡ºé”™ï¼Œ1--å‡ºé”™
 226   1      
 227   1      #if 1 // æ¥æ”¶è¶…æ—¶å¤„ç†
C51 COMPILER V9.60.7.0   UART0                                                             07/11/2025 11:11:27 PAGE 5   

 228   1      
 229   1          if (tmr0_cnt > 10) // ä¸€å¸§å†…ï¼Œè¶…è¿‡10msæ²¡æœ‰æ”¶åˆ°æ•°æ®
 230   1          {
 231   2              // å¦‚æœè¶…æ—¶
 232   2              // uart0_sendstr("Time out!\n");
 233   2      
 234   2              tmr0_disable(); // å…³é—­å®šæ—¶å™¨
 235   2              tmr0_cnt = 0;   // æ¸…ç©ºå®šæ—¶å™¨è®¡æ•°å€¼
 236   2      
 237   2              // å½“å‰çš„æ•°æ®å¸§ä½œåºŸ
 238   2              cur_recv_len = 0;         // å½“å‰æ¥æ”¶åˆ°çš„å¸§çš„é•¿åº¦æ¸…é›¶
 239   2              frame_len = 0;            // è¦æ¥æ”¶çš„å¸§çš„é•¿åº¦ï¼Œæ¸…é›¶
 240   2              flag_is_recving_data = 0; // é‡æ–°å¼€å§‹æ¥æ”¶æ•°æ®
 241   2      
 242   2              // if (0 == recved_flagbuf[blank_index])
 243   2              // {
 244   2              //     memset(uart0_recv_buf[blank_index], 0, FRAME_MAX_LEN); // æ¸…ç©ºè¶…æ—¶çš„æŒ‡ä»¤å¯¹åº”çš„æ¥
             -æ”¶ç¼“å†²åŒº
 245   2              // }
 246   2      
 247   2              // printf("recv time out! \n");
 248   2      
 249   2      #if 0 // æ‰“å°ä¸²å£ç¼“å†²åŒºçš„æ•°æ®
              
                      {
                          u8 i = 0;
                          u8 j = 0;
                          for (i = 0; i < (UART0_RXBUF_LEN) / (FRAME_MAX_LEN); i++)
                          {
                              printf("buff_index %bu ", i);
                              for (j = 0; j < FRAME_MAX_LEN; j++)
                              {
                                  printf("%bx ", uart0_recv_buf[i][j]);
                              }
                              printf("\n");
                          }
                      }
              
              #endif // æ‰“å°ä¸²å£ç¼“å†²åŒºçš„æ•°æ®
 266   2      
 267   2              return;
 268   2          }
 269   1      #endif // æ¥æ”¶è¶…æ—¶å¤„ç†
 270   1      
 271   1          // å¯¹æ”¶åˆ°çš„æ•°æ®å¸§è¿›è¡ŒéªŒè¯
 272   1          for (i = 0; i < ((UART0_RXBUF_LEN) / (FRAME_MAX_LEN)); i++)
 273   1          {
 274   2              if (recved_flagbuf[i])
 275   2              {
 276   3                  // å¦‚æœå¯¹åº”çš„ä½ç½®æœ‰å®Œæ•´çš„æ•°æ®å¸§
 277   3                  // __uart_buff_check(); // æµ‹è¯•ç”¨
 278   3      
 279   3                  if (uart0_recv_len[i] != uart0_recv_buf[i][1])
 280   3                  {
 281   4                      // å¦‚æœæ•°æ®å¸§çš„é•¿åº¦ä¸æ­£ç¡®
 282   4      
 283   4                      // printf("format len invalid!\n");
 284   4                      // printf("%d  %d \n", (u32)uart0_recv_len[i], (u32)uart0_recv_buf[i][1]);
 285   4                      // __uart_buff_check(); // æ‰“å°ä¸²å£æ¥æ”¶ç¼“å†²åŒºä¸­çš„æ•°æ®
 286   4      
 287   4                      recved_flagbuf[i] = 0;
 288   4                      recv_frame_cnt--;
C51 COMPILER V9.60.7.0   UART0                                                             07/11/2025 11:11:27 PAGE 6   

 289   4                      memset(uart0_recv_buf[i], 0, FRAME_MAX_LEN);
 290   4      
 291   4                      return;
 292   4                  }
 293   3      
 294   3                  {                          // è®¡ç®—æ ¡éªŒå’Œ
 295   4                      u8 __loop_crc_cnt = 0; // ç”¨äºè®¡ç®—æ ¡éªŒå’Œçš„å¾ªç¯è®¡æ•°å€¼
 296   4                      checksum = 0;
 297   4                      for (__loop_crc_cnt = 0; __loop_crc_cnt < (uart0_recv_len[i] - 1); __loop_crc_cnt++)
 298   4                      {
 299   5                          checksum += uart0_recv_buf[i][__loop_crc_cnt];
 300   5                      }
 301   4      
 302   4                      // checksum &= 0x0F; // å–ä½4ä½ä½œä¸ºæ ¡éªŒ
 303   4                      checksum &= 0xFF; // å–8ä½ä½œä¸ºæ ¡éªŒ
 304   4                      if (checksum != (uart0_recv_buf[i][uart0_recv_len[i] - 1]))
 305   4                      {
 306   5                          // å¦‚æœè®¡ç®—çš„æ ¡éªŒå’Œä¸æ”¶åˆ°çš„æ ¡éªŒå’Œä¸ä¸€è‡´
 307   5                          __flag_is_crc_or_len_err = 1;
 308   5                      }
 309   4                  } // è®¡ç®—æ ¡éªŒå’Œ
 310   3      
 311   3                  if (__flag_is_crc_or_len_err)
 312   3                  {
 313   4      
 314   4      #if 0 // æ‰“å°ä¸²å£ç¼“å†²åŒºçš„æ•°æ®
                              printf("recv crc or len err! \n");
                              {
                                  u8 i = 0;
                                  u8 j = 0;
                                  for (i = 0; i < (UART0_RXBUF_LEN) / (FRAME_MAX_LEN); i++)
                                  {
                                      printf("buff_index %bu ", i);
                                      for (j = 0; j < FRAME_MAX_LEN; j++)
                                      {
                                          printf("%bx ", uart0_recv_buf[i][j]);
                                      }
                                      printf("\n");
                                  }
                              }
              
              #endif // æ‰“å°ä¸²å£ç¼“å†²åŒºçš„æ•°æ®
 331   4      
 332   4                      // flag_is_recving_data = 0;
 333   4                      __flag_is_crc_or_len_err = 0; //
 334   4                      recved_flagbuf[i] = 0;
 335   4                      recv_frame_cnt--;
 336   4                      memset(uart0_recv_buf[i], 0, FRAME_MAX_LEN); // æ¸…ç©ºæ ¡éªŒå’Œé”™è¯¯çš„æŒ‡ä»¤å¯¹åº”çš„ç¼“
             -å†²åŒº
 337   4                  }
 338   3      
 339   3                  // å¦‚æœè¿è¡Œåˆ°è¿™é‡Œï¼Œæ•°æ®éƒ½æ­£å¸¸
 340   3                  flagbuf_valid_instruction[i] = 1; // å¯¹åº”çš„æ ‡å¿—ä½ç½®ä¸€ï¼Œè¡¨ç¤ºæ”¶åˆ°äº†åˆæ³•çš„æŒ‡ä»¤
 341   3              } // if (recved_flagbuf[i])
 342   2          } // for (i = 0; i < ((UART0_RXBUF_LEN) / (FRAME_MAX_LEN)); i++)
 343   1      }
 344          
 345          #if 0
              // æ¸…é™¤ä¸²å£æ¥æ”¶ç¼“å†²åŒºä¸­ï¼Œå•ä¸ªå·²ç»å¤„ç†å¥½çš„æŒ‡ä»¤
              void uart_clear_single_instruction(u8 index)
              {
                  flagbuf_valid_instruction[index] = 0;            // æ¸…ç©ºç¼“å†²åŒºå¯¹åº”çš„å…ƒç´ ï¼Œè¡¨ç¤ºè¯¥ä¸‹æ ‡çš
C51 COMPILER V9.60.7.0   UART0                                                             07/11/2025 11:11:27 PAGE 7   

             -„æŒ‡ä»¤å·²ç»å¤„ç†
                  uart0_recv_len[index] = 0;                       // æ¸…é™¤ç¼“å†²åŒºä¸­æŒ‡ä»¤å¯¹åº”çš„é•¿åº¦
                  recved_flagbuf[index] = 0;                       // æ¸…é™¤æ¥æ”¶åˆ°æŒ‡ä»¤çš„æ ‡å¿—ä½
                  memset(uart0_recv_buf[index], 0, FRAME_MAX_LEN); // æ¸…ç©ºç¼“å†²åŒºå¯¹åº”çš„æŒ‡ä»¤
              }
              #endif
 355          
 356          #ifdef USE_MY_DEBUG
 357          #if USE_MY_DEBUG
              // æµ‹è¯•ç”¨çš„ç¨‹åºï¼š
              // æ˜¾ç¤ºä¸²å£ç¼“å†²åŒºä¸­çš„æ•°æ®ï¼š
              // void __uart_buff_check(void)
              // {
              //     u8 i = 0;
              
              //     u8 k = 0;
              //     // if (test_bit)
              //     // {
              //     //     test_bit = 0;
              //     for (i = 0; i < (UART0_RXBUF_LEN) / (FRAME_MAX_LEN); i++)
              //     {
              //         uart0_sendbyte(i + '0');
              //         uart0_sendbyte('\n');
              //         for (k = 0; k < FRAME_MAX_LEN; k++)
              //         {
              //             printf("%2x ", (u16)uart0_recv_buf[i][k]);
              //         }
              
              //         printf("\n==========================\n");
              //     }
              //     // }
              // }
              #endif
 382          #endif // void __uart_buff_check(void)
 383          
 384          #if 0
                          switch (uart0_recv_len[i])
                          {
                          case 4:
              
                              // å¦‚æœæ˜¯å››ä¸ªå­—èŠ‚çš„æ•°æ®
                              checksum = (uart0_recv_buf[i][0] + uart0_recv_buf[i][1] + uart0_recv_buf[i][2]) & 0x0F;
              
                              if (checksum != uart0_recv_buf[i][3])
                              {
                                  // å¦‚æœè®¡ç®—å¾—å‡ºçš„æ ¡éªŒå’Œä¸æ•°æ®å¸§ä¸­çš„æ ¡éªŒå’Œä¸ä¸€è‡´
                                  // è¯´æ˜ä¼ è¾“çš„æ•°æ®æœ‰è¯¯
                                  // uart0_sendstr("checknum err_4Bytes\n");
                                  // recved_flagbuf[i] = 0;
                                  // recv_frame_cnt--;
                                  // memset(uart0_recv_buf[i], 0, FRAME_MAX_LEN);
                                  __flag_is_crc_or_len_err = 1;
                              }
              
                              break;
              
                          case 5:
              
                              // å¦‚æœæ˜¯äº”ä¸ªå­—èŠ‚çš„æ•°æ®
                              checksum = (uart0_recv_buf[i][0] + uart0_recv_buf[i][1] + uart0_recv_buf[i][2] + uart0_rec
             -v_buf[i][3]) & 0x0F;
                              if (checksum != uart0_recv_buf[i][4])
C51 COMPILER V9.60.7.0   UART0                                                             07/11/2025 11:11:27 PAGE 8   

                              {
                                  // å¦‚æœè®¡ç®—å¾—å‡ºçš„æ ¡éªŒå’Œä¸æ•°æ®å¸§ä¸­çš„æ ¡éªŒå’Œä¸ä¸€è‡´
                                  // è¯´æ˜ä¼ è¾“çš„æ•°æ®æœ‰è¯¯
                                  // uart0_sendstr("checknum err_5Bytes\n");
                                  // recved_flagbuf[i] = 0;
                                  // recv_frame_cnt--;
                                  // memset(uart0_recv_buf[i], 0, FRAME_MAX_LEN);
                                  __flag_is_crc_or_len_err = 1;
                              }
              
                              break;
                          case 6:
              
                              // å¦‚æœæ˜¯å…­ä¸ªå­—èŠ‚çš„æ•°æ®
                              checksum = (uart0_recv_buf[i][0] + uart0_recv_buf[i][1] + uart0_recv_buf[i][2] + uart0_rec
             -v_buf[i][3] + uart0_recv_buf[i][4]) & 0x0F;
              
                              if (checksum != uart0_recv_buf[i][5])
                              {
                                  // å¦‚æœè®¡ç®—å¾—å‡ºçš„æ ¡éªŒå’Œä¸æ•°æ®å¸§ä¸­çš„æ ¡éªŒå’Œä¸ä¸€è‡´
                                  // è¯´æ˜ä¼ è¾“çš„æ•°æ®æœ‰è¯¯
                                  // uart0_sendstr("checknum err_6Bytes\n");
                                  // recved_flagbuf[i] = 0;
                                  // recv_frame_cnt--;
                                  // memset(uart0_recv_buf[i], 0, FRAME_MAX_LEN);
                                  __flag_is_crc_or_len_err = 1;
                              }
              
                              break;
                          case 7: // å¦‚æœæ˜¯7ä¸ªå­—èŠ‚çš„æ•°æ®
                              checksum = (uart0_recv_buf[i][0] + uart0_recv_buf[i][1] + uart0_recv_buf[i][2] + uart0_rec
             -v_buf[i][3] + uart0_recv_buf[i][4] + uart0_recv_buf[i][5]) & 0x0F;
                              if (checksum != uart0_recv_buf[i][6])
                              {
                                  // å¦‚æœè®¡ç®—å¾—å‡ºçš„æ ¡éªŒå’Œä¸æ•°æ®å¸§ä¸­çš„æ ¡éªŒå’Œä¸ä¸€è‡´
                                  // è¯´æ˜ä¼ è¾“çš„æ•°æ®æœ‰è¯¯
                                  // recved_flagbuf[i] = 0;
                                  // recv_frame_cnt--;
              
                                  __flag_is_crc_or_len_err = 1;
                              }
                              break;
                          case 8: // å¦‚æœæ˜¯8ä¸ªå­—èŠ‚çš„æ•°æ®
                              checksum = (uart0_recv_buf[i][0] + uart0_recv_buf[i][1] + uart0_recv_buf[i][2] + uart0_rec
             -v_buf[i][3] + uart0_recv_buf[i][4] + uart0_recv_buf[i][5] + uart0_recv_buf[i][6]) & 0x0F;
                              if (checksum != uart0_recv_buf[i][7])
                              {
                                  // å¦‚æœè®¡ç®—å¾—å‡ºçš„æ ¡éªŒå’Œä¸æ•°æ®å¸§ä¸­çš„æ ¡éªŒå’Œä¸ä¸€è‡´
                                  // è¯´æ˜ä¼ è¾“çš„æ•°æ®æœ‰è¯¯
                                  // recved_flagbuf[i] = 0;
                                  // recv_frame_cnt--;
                                  __flag_is_crc_or_len_err = 1;
                              }
                              break;
              
                          default:
                              // å¦‚æœä¸æ˜¯å››ã€äº”ã€å…­ã€ä¸ƒã€å…«ä¸ªå­—èŠ‚çš„æ•°æ®ï¼Œè¯´æ˜æ¥æ”¶æœ‰è¯¯ï¼Œç›´æ¥
             -æŠ›å¼ƒè¿™ä¸€å¸§æ•°æ®
              #if USE_MY_DEBUG
                              // printf("recv cnt err\n");
                              __flag_is_crc_or_len_err = 1;
              #endif
C51 COMPILER V9.60.7.0   UART0                                                             07/11/2025 11:11:27 PAGE 9   

                              // recved_flagbuf[i] = 0;
                              // recv_frame_cnt--;
                              // memset(uart0_recv_buf[i], 0, FRAME_MAX_LEN);
              
                              break;
                          } // switch (uart0_recv_len[i])
              #endif


MODULE INFORMATION:   STATIC OVERLAYABLE
   CODE SIZE        =    798    ----
   CONSTANT SIZE    =   ----    ----
   XDATA SIZE       =     61       8
   PDATA SIZE       =   ----    ----
   DATA SIZE        =   ----    ----
   IDATA SIZE       =   ----    ----
   BIT SIZE         =      1       1
END OF MODULE INFORMATION.


C51 COMPILATION COMPLETE.  0 WARNING(S),  0 ERROR(S)
